10:42:01 INFO  : Launching XSCT server: xsct.bat -n  -interactive E:\ZYNQ_7z020\axi_xadc\vitiss\temp_xsdb_launch_script.tcl
10:42:03 INFO  : Registering command handlers for Vitis TCF services
10:42:07 INFO  : XSCT server has started successfully.
10:42:08 INFO  : Platform repository initialization has completed.
10:42:08 INFO  : plnx-install-location is set to ''
10:42:08 INFO  : Successfully done setting XSCT server connection channel  
10:42:08 INFO  : Successfully done query RDI_DATADIR 
10:42:08 INFO  : Successfully done setting workspace for the tool. 
10:44:12 INFO  : Result from executing command 'getProjects': axi_xadc_plat
10:44:12 INFO  : Result from executing command 'getPlatforms': 
10:45:03 INFO  : Example project xadcps_polled_printf_example_1 has been created successfully.
10:48:32 INFO  : Result from executing command 'getProjects': axi_xadc_plat
10:48:32 INFO  : Result from executing command 'getPlatforms': axi_xadc_plat|E:/ZYNQ_7z020/axi_xadc/vitiss/axi_xadc_plat/export/axi_xadc_plat/axi_xadc_plat.xpfm
10:48:33 INFO  : Checking for BSP changes to sync application flags for project 'xadcps_polled_printf_example_1'...
10:50:44 INFO  : Connected to target on host '127.0.0.1' and port '3121'.
10:50:50 INFO  : Jtag cable 'Digilent JTAG-HS1 210512180081' is selected.
10:50:50 INFO  : 'jtag frequency' command is executed.
10:50:50 INFO  : Context for 'APU' is selected.
10:50:50 INFO  : System reset is completed.
10:50:53 INFO  : 'after 3000' command is executed.
10:50:54 INFO  : 'targets -set -filter {jtag_cable_name =~ "Digilent JTAG-HS1 210512180081" && level==0 && jtag_device_ctx=="jsn-JTAG-HS1-210512180081-23727093-0"}' command is executed.
10:50:58 INFO  : Device configured successfully with "E:/ZYNQ_7z020/axi_xadc/vitiss/xadcps_polled_printf_example_1/_ide/bitstream/axi_xadc_bd_wrapper.bit"
10:50:58 INFO  : Context for 'APU' is selected.
10:50:58 INFO  : Hardware design and registers information is loaded from 'E:/ZYNQ_7z020/axi_xadc/vitiss/axi_xadc_plat/export/axi_xadc_plat/hw/axi_xadc_bd_wrapper.xsa'.
10:50:58 INFO  : 'configparams force-mem-access 1' command is executed.
10:50:58 INFO  : Context for 'APU' is selected.
10:50:58 INFO  : Sourcing of 'E:/ZYNQ_7z020/axi_xadc/vitiss/xadcps_polled_printf_example_1/_ide/psinit/ps7_init.tcl' is done.
10:50:58 INFO  : 'ps7_init' command is executed.
10:50:58 INFO  : 'ps7_post_config' command is executed.
10:50:58 INFO  : Context for processor 'ps7_cortexa9_0' is selected.
10:50:59 INFO  : The application 'E:/ZYNQ_7z020/axi_xadc/vitiss/xadcps_polled_printf_example_1/Debug/xadcps_polled_printf_example_1.elf' is downloaded to processor 'ps7_cortexa9_0'.
10:50:59 INFO  : 'configparams force-mem-access 0' command is executed.
10:50:59 INFO  : ----------------XSDB Script----------------
connect -url tcp:127.0.0.1:3121
targets -set -nocase -filter {name =~"APU*"}
rst -system
after 3000
targets -set -filter {jtag_cable_name =~ "Digilent JTAG-HS1 210512180081" && level==0 && jtag_device_ctx=="jsn-JTAG-HS1-210512180081-23727093-0"}
fpga -file E:/ZYNQ_7z020/axi_xadc/vitiss/xadcps_polled_printf_example_1/_ide/bitstream/axi_xadc_bd_wrapper.bit
targets -set -nocase -filter {name =~"APU*"}
loadhw -hw E:/ZYNQ_7z020/axi_xadc/vitiss/axi_xadc_plat/export/axi_xadc_plat/hw/axi_xadc_bd_wrapper.xsa -mem-ranges [list {0x40000000 0xbfffffff}] -regs
configparams force-mem-access 1
targets -set -nocase -filter {name =~"APU*"}
source E:/ZYNQ_7z020/axi_xadc/vitiss/xadcps_polled_printf_example_1/_ide/psinit/ps7_init.tcl
ps7_init
ps7_post_config
targets -set -nocase -filter {name =~ "*A9*#0"}
dow E:/ZYNQ_7z020/axi_xadc/vitiss/xadcps_polled_printf_example_1/Debug/xadcps_polled_printf_example_1.elf
configparams force-mem-access 0
----------------End of Script----------------

10:50:59 INFO  : Context for processor 'ps7_cortexa9_0' is selected.
10:50:59 INFO  : 'con' command is executed.
10:50:59 INFO  : ----------------XSDB Script (After Launch)----------------
targets -set -nocase -filter {name =~ "*A9*#0"}
con
----------------End of Script----------------

10:50:59 INFO  : Launch script is exported to file 'E:\ZYNQ_7z020\axi_xadc\vitiss\xadcps_polled_printf_example_1_system\_ide\scripts\systemdebugger_xadcps_polled_printf_example_1_system_standalone.tcl'
10:51:53 INFO  : Disconnected from the channel tcfchan#3.
10:51:53 INFO  : Connected to target on host '127.0.0.1' and port '3121'.
10:51:54 INFO  : Jtag cable 'Digilent JTAG-HS1 210512180081' is selected.
10:51:54 INFO  : 'jtag frequency' command is executed.
10:51:54 INFO  : Context for 'APU' is selected.
10:51:54 INFO  : System reset is completed.
10:51:57 INFO  : 'after 3000' command is executed.
10:51:57 INFO  : 'targets -set -filter {jtag_cable_name =~ "Digilent JTAG-HS1 210512180081" && level==0 && jtag_device_ctx=="jsn-JTAG-HS1-210512180081-23727093-0"}' command is executed.
10:52:01 INFO  : Device configured successfully with "E:/ZYNQ_7z020/axi_xadc/vitiss/xadcps_polled_printf_example_1/_ide/bitstream/axi_xadc_bd_wrapper.bit"
10:52:01 INFO  : Context for 'APU' is selected.
10:52:01 INFO  : Hardware design and registers information is loaded from 'E:/ZYNQ_7z020/axi_xadc/vitiss/axi_xadc_plat/export/axi_xadc_plat/hw/axi_xadc_bd_wrapper.xsa'.
10:52:01 INFO  : 'configparams force-mem-access 1' command is executed.
10:52:01 INFO  : Context for 'APU' is selected.
10:52:01 INFO  : Sourcing of 'E:/ZYNQ_7z020/axi_xadc/vitiss/xadcps_polled_printf_example_1/_ide/psinit/ps7_init.tcl' is done.
10:52:02 INFO  : 'ps7_init' command is executed.
10:52:02 INFO  : 'ps7_post_config' command is executed.
10:52:02 INFO  : Context for processor 'ps7_cortexa9_0' is selected.
10:52:02 INFO  : The application 'E:/ZYNQ_7z020/axi_xadc/vitiss/xadcps_polled_printf_example_1/Debug/xadcps_polled_printf_example_1.elf' is downloaded to processor 'ps7_cortexa9_0'.
10:52:02 INFO  : 'configparams force-mem-access 0' command is executed.
10:52:02 INFO  : ----------------XSDB Script----------------
connect -url tcp:127.0.0.1:3121
targets -set -nocase -filter {name =~"APU*"}
rst -system
after 3000
targets -set -filter {jtag_cable_name =~ "Digilent JTAG-HS1 210512180081" && level==0 && jtag_device_ctx=="jsn-JTAG-HS1-210512180081-23727093-0"}
fpga -file E:/ZYNQ_7z020/axi_xadc/vitiss/xadcps_polled_printf_example_1/_ide/bitstream/axi_xadc_bd_wrapper.bit
targets -set -nocase -filter {name =~"APU*"}
loadhw -hw E:/ZYNQ_7z020/axi_xadc/vitiss/axi_xadc_plat/export/axi_xadc_plat/hw/axi_xadc_bd_wrapper.xsa -mem-ranges [list {0x40000000 0xbfffffff}] -regs
configparams force-mem-access 1
targets -set -nocase -filter {name =~"APU*"}
source E:/ZYNQ_7z020/axi_xadc/vitiss/xadcps_polled_printf_example_1/_ide/psinit/ps7_init.tcl
ps7_init
ps7_post_config
targets -set -nocase -filter {name =~ "*A9*#0"}
dow E:/ZYNQ_7z020/axi_xadc/vitiss/xadcps_polled_printf_example_1/Debug/xadcps_polled_printf_example_1.elf
configparams force-mem-access 0
----------------End of Script----------------

10:52:03 INFO  : Context for processor 'ps7_cortexa9_0' is selected.
10:52:03 INFO  : 'con' command is executed.
10:52:03 INFO  : ----------------XSDB Script (After Launch)----------------
targets -set -nocase -filter {name =~ "*A9*#0"}
con
----------------End of Script----------------

10:52:03 INFO  : Launch script is exported to file 'E:\ZYNQ_7z020\axi_xadc\vitiss\xadcps_polled_printf_example_1_system\_ide\scripts\systemdebugger_xadcps_polled_printf_example_1_system_standalone.tcl'
10:53:16 INFO  : Example project xuartps_hello_world_example_1 has been created successfully.
10:53:50 INFO  : Disconnected from the channel tcfchan#4.
10:53:55 INFO  : Connected to target on host '127.0.0.1' and port '3121'.
10:53:56 INFO  : Jtag cable 'Digilent JTAG-HS1 210512180081' is selected.
10:53:56 INFO  : 'jtag frequency' command is executed.
10:53:56 INFO  : Context for 'APU' is selected.
10:53:56 INFO  : System reset is completed.
10:53:59 INFO  : 'after 3000' command is executed.
10:53:59 INFO  : 'targets -set -filter {jtag_cable_name =~ "Digilent JTAG-HS1 210512180081" && level==0 && jtag_device_ctx=="jsn-JTAG-HS1-210512180081-23727093-0"}' command is executed.
10:54:03 INFO  : Device configured successfully with "E:/ZYNQ_7z020/axi_xadc/vitiss/xuartps_hello_world_example_1/_ide/bitstream/axi_xadc_bd_wrapper.bit"
10:54:03 INFO  : Context for 'APU' is selected.
10:54:03 INFO  : Hardware design and registers information is loaded from 'E:/ZYNQ_7z020/axi_xadc/vitiss/axi_xadc_plat/export/axi_xadc_plat/hw/axi_xadc_bd_wrapper.xsa'.
10:54:03 INFO  : 'configparams force-mem-access 1' command is executed.
10:54:03 INFO  : Context for 'APU' is selected.
10:54:03 INFO  : Sourcing of 'E:/ZYNQ_7z020/axi_xadc/vitiss/xuartps_hello_world_example_1/_ide/psinit/ps7_init.tcl' is done.
10:54:05 INFO  : 'ps7_init' command is executed.
10:54:05 INFO  : 'ps7_post_config' command is executed.
10:54:05 INFO  : 'configparams force-mem-access 0' command is executed.
10:54:05 INFO  : ----------------XSDB Script----------------
connect -url tcp:127.0.0.1:3121
targets -set -nocase -filter {name =~"APU*"}
rst -system
after 3000
targets -set -filter {jtag_cable_name =~ "Digilent JTAG-HS1 210512180081" && level==0 && jtag_device_ctx=="jsn-JTAG-HS1-210512180081-23727093-0"}
fpga -file E:/ZYNQ_7z020/axi_xadc/vitiss/xuartps_hello_world_example_1/_ide/bitstream/axi_xadc_bd_wrapper.bit
targets -set -nocase -filter {name =~"APU*"}
loadhw -hw E:/ZYNQ_7z020/axi_xadc/vitiss/axi_xadc_plat/export/axi_xadc_plat/hw/axi_xadc_bd_wrapper.xsa -mem-ranges [list {0x40000000 0xbfffffff}] -regs
configparams force-mem-access 1
targets -set -nocase -filter {name =~"APU*"}
source E:/ZYNQ_7z020/axi_xadc/vitiss/xuartps_hello_world_example_1/_ide/psinit/ps7_init.tcl
ps7_init
ps7_post_config
configparams force-mem-access 0
----------------End of Script----------------

10:54:05 INFO  : Launch script is exported to file 'E:\ZYNQ_7z020\axi_xadc\vitiss\xuartps_hello_world_example_1_system\_ide\scripts\systemdebugger_xuartps_hello_world_example_1_system_standalone.tcl'
10:55:18 INFO  : Disconnected from the channel tcfchan#5.
10:55:21 INFO  : Connected to target on host '127.0.0.1' and port '3121'.
10:55:22 INFO  : Jtag cable 'Digilent JTAG-HS1 210512180081' is selected.
10:55:22 INFO  : 'jtag frequency' command is executed.
10:55:22 INFO  : Context for 'APU' is selected.
10:55:22 INFO  : System reset is completed.
10:55:25 INFO  : 'after 3000' command is executed.
10:55:25 INFO  : 'targets -set -filter {jtag_cable_name =~ "Digilent JTAG-HS1 210512180081" && level==0 && jtag_device_ctx=="jsn-JTAG-HS1-210512180081-23727093-0"}' command is executed.
10:55:29 INFO  : Device configured successfully with "E:/ZYNQ_7z020/axi_xadc/vitiss/xuartps_hello_world_example_1/_ide/bitstream/axi_xadc_bd_wrapper.bit"
10:55:29 INFO  : Context for 'APU' is selected.
10:55:29 INFO  : Hardware design and registers information is loaded from 'E:/ZYNQ_7z020/axi_xadc/vitiss/axi_xadc_plat/export/axi_xadc_plat/hw/axi_xadc_bd_wrapper.xsa'.
10:55:29 INFO  : 'configparams force-mem-access 1' command is executed.
10:55:29 INFO  : Context for 'APU' is selected.
10:55:29 INFO  : Sourcing of 'E:/ZYNQ_7z020/axi_xadc/vitiss/xuartps_hello_world_example_1/_ide/psinit/ps7_init.tcl' is done.
10:55:30 INFO  : 'ps7_init' command is executed.
10:55:30 INFO  : 'ps7_post_config' command is executed.
10:55:30 INFO  : 'configparams force-mem-access 0' command is executed.
10:55:30 INFO  : ----------------XSDB Script----------------
connect -url tcp:127.0.0.1:3121
targets -set -nocase -filter {name =~"APU*"}
rst -system
after 3000
targets -set -filter {jtag_cable_name =~ "Digilent JTAG-HS1 210512180081" && level==0 && jtag_device_ctx=="jsn-JTAG-HS1-210512180081-23727093-0"}
fpga -file E:/ZYNQ_7z020/axi_xadc/vitiss/xuartps_hello_world_example_1/_ide/bitstream/axi_xadc_bd_wrapper.bit
targets -set -nocase -filter {name =~"APU*"}
loadhw -hw E:/ZYNQ_7z020/axi_xadc/vitiss/axi_xadc_plat/export/axi_xadc_plat/hw/axi_xadc_bd_wrapper.xsa -mem-ranges [list {0x40000000 0xbfffffff}] -regs
configparams force-mem-access 1
targets -set -nocase -filter {name =~"APU*"}
source E:/ZYNQ_7z020/axi_xadc/vitiss/xuartps_hello_world_example_1/_ide/psinit/ps7_init.tcl
ps7_init
ps7_post_config
configparams force-mem-access 0
----------------End of Script----------------

10:55:31 INFO  : Launch script is exported to file 'E:\ZYNQ_7z020\axi_xadc\vitiss\xuartps_hello_world_example_1_system\_ide\scripts\systemdebugger_xuartps_hello_world_example_1_system_standalone.tcl'
10:56:42 INFO  : Example project xsysmon_polled_printf_example_1 has been created successfully.
10:57:29 INFO  : Checking for BSP changes to sync application flags for project 'xsysmon_polled_printf_example_1'...
10:58:45 INFO  : Disconnected from the channel tcfchan#6.
10:58:46 INFO  : Connected to target on host '127.0.0.1' and port '3121'.
10:58:46 INFO  : Jtag cable 'Digilent JTAG-HS1 210512180081' is selected.
10:58:46 INFO  : 'jtag frequency' command is executed.
10:58:46 INFO  : Context for 'APU' is selected.
10:58:46 INFO  : System reset is completed.
10:58:49 INFO  : 'after 3000' command is executed.
10:58:50 INFO  : 'targets -set -filter {jtag_cable_name =~ "Digilent JTAG-HS1 210512180081" && level==0 && jtag_device_ctx=="jsn-JTAG-HS1-210512180081-23727093-0"}' command is executed.
10:58:53 INFO  : Device configured successfully with "E:/ZYNQ_7z020/axi_xadc/vitiss/xsysmon_polled_printf_example_1/_ide/bitstream/axi_xadc_bd_wrapper.bit"
10:58:53 INFO  : Context for 'APU' is selected.
10:58:53 INFO  : Hardware design and registers information is loaded from 'E:/ZYNQ_7z020/axi_xadc/vitiss/axi_xadc_plat/export/axi_xadc_plat/hw/axi_xadc_bd_wrapper.xsa'.
10:58:53 INFO  : 'configparams force-mem-access 1' command is executed.
10:58:54 INFO  : Context for 'APU' is selected.
10:58:54 INFO  : Sourcing of 'E:/ZYNQ_7z020/axi_xadc/vitiss/xsysmon_polled_printf_example_1/_ide/psinit/ps7_init.tcl' is done.
10:58:55 INFO  : 'ps7_init' command is executed.
10:58:55 INFO  : 'ps7_post_config' command is executed.
10:58:55 INFO  : Context for processor 'ps7_cortexa9_0' is selected.
10:58:55 INFO  : The application 'E:/ZYNQ_7z020/axi_xadc/vitiss/xsysmon_polled_printf_example_1/Debug/xsysmon_polled_printf_example_1.elf' is downloaded to processor 'ps7_cortexa9_0'.
10:58:55 INFO  : 'configparams force-mem-access 0' command is executed.
10:58:55 INFO  : ----------------XSDB Script----------------
connect -url tcp:127.0.0.1:3121
targets -set -nocase -filter {name =~"APU*"}
rst -system
after 3000
targets -set -filter {jtag_cable_name =~ "Digilent JTAG-HS1 210512180081" && level==0 && jtag_device_ctx=="jsn-JTAG-HS1-210512180081-23727093-0"}
fpga -file E:/ZYNQ_7z020/axi_xadc/vitiss/xsysmon_polled_printf_example_1/_ide/bitstream/axi_xadc_bd_wrapper.bit
targets -set -nocase -filter {name =~"APU*"}
loadhw -hw E:/ZYNQ_7z020/axi_xadc/vitiss/axi_xadc_plat/export/axi_xadc_plat/hw/axi_xadc_bd_wrapper.xsa -mem-ranges [list {0x40000000 0xbfffffff}] -regs
configparams force-mem-access 1
targets -set -nocase -filter {name =~"APU*"}
source E:/ZYNQ_7z020/axi_xadc/vitiss/xsysmon_polled_printf_example_1/_ide/psinit/ps7_init.tcl
ps7_init
ps7_post_config
targets -set -nocase -filter {name =~ "*A9*#0"}
dow E:/ZYNQ_7z020/axi_xadc/vitiss/xsysmon_polled_printf_example_1/Debug/xsysmon_polled_printf_example_1.elf
configparams force-mem-access 0
----------------End of Script----------------

10:58:55 INFO  : Context for processor 'ps7_cortexa9_0' is selected.
10:58:55 INFO  : 'con' command is executed.
10:58:55 INFO  : ----------------XSDB Script (After Launch)----------------
targets -set -nocase -filter {name =~ "*A9*#0"}
con
----------------End of Script----------------

10:58:55 INFO  : Launch script is exported to file 'E:\ZYNQ_7z020\axi_xadc\vitiss\xsysmon_polled_printf_example_1_system\_ide\scripts\systemdebugger_xsysmon_polled_printf_example_1_system_standalone.tcl'
10:59:12 INFO  : Disconnected from the channel tcfchan#8.
10:59:12 INFO  : Connected to target on host '127.0.0.1' and port '3121'.
10:59:12 INFO  : Jtag cable 'Digilent JTAG-HS1 210512180081' is selected.
10:59:12 INFO  : 'jtag frequency' command is executed.
10:59:12 INFO  : Context for 'APU' is selected.
10:59:12 INFO  : System reset is completed.
10:59:15 INFO  : 'after 3000' command is executed.
10:59:16 INFO  : 'targets -set -filter {jtag_cable_name =~ "Digilent JTAG-HS1 210512180081" && level==0 && jtag_device_ctx=="jsn-JTAG-HS1-210512180081-23727093-0"}' command is executed.
10:59:19 INFO  : Device configured successfully with "E:/ZYNQ_7z020/axi_xadc/vitiss/xsysmon_polled_printf_example_1/_ide/bitstream/axi_xadc_bd_wrapper.bit"
10:59:20 INFO  : Context for 'APU' is selected.
10:59:20 INFO  : Hardware design and registers information is loaded from 'E:/ZYNQ_7z020/axi_xadc/vitiss/axi_xadc_plat/export/axi_xadc_plat/hw/axi_xadc_bd_wrapper.xsa'.
10:59:20 INFO  : 'configparams force-mem-access 1' command is executed.
10:59:20 INFO  : Context for 'APU' is selected.
10:59:20 INFO  : Sourcing of 'E:/ZYNQ_7z020/axi_xadc/vitiss/xsysmon_polled_printf_example_1/_ide/psinit/ps7_init.tcl' is done.
10:59:21 INFO  : 'ps7_init' command is executed.
10:59:21 INFO  : 'ps7_post_config' command is executed.
10:59:21 INFO  : Context for processor 'ps7_cortexa9_0' is selected.
10:59:22 INFO  : The application 'E:/ZYNQ_7z020/axi_xadc/vitiss/xsysmon_polled_printf_example_1/Debug/xsysmon_polled_printf_example_1.elf' is downloaded to processor 'ps7_cortexa9_0'.
10:59:22 INFO  : 'configparams force-mem-access 0' command is executed.
10:59:22 INFO  : ----------------XSDB Script----------------
connect -url tcp:127.0.0.1:3121
targets -set -nocase -filter {name =~"APU*"}
rst -system
after 3000
targets -set -filter {jtag_cable_name =~ "Digilent JTAG-HS1 210512180081" && level==0 && jtag_device_ctx=="jsn-JTAG-HS1-210512180081-23727093-0"}
fpga -file E:/ZYNQ_7z020/axi_xadc/vitiss/xsysmon_polled_printf_example_1/_ide/bitstream/axi_xadc_bd_wrapper.bit
targets -set -nocase -filter {name =~"APU*"}
loadhw -hw E:/ZYNQ_7z020/axi_xadc/vitiss/axi_xadc_plat/export/axi_xadc_plat/hw/axi_xadc_bd_wrapper.xsa -mem-ranges [list {0x40000000 0xbfffffff}] -regs
configparams force-mem-access 1
targets -set -nocase -filter {name =~"APU*"}
source E:/ZYNQ_7z020/axi_xadc/vitiss/xsysmon_polled_printf_example_1/_ide/psinit/ps7_init.tcl
ps7_init
ps7_post_config
targets -set -nocase -filter {name =~ "*A9*#0"}
dow E:/ZYNQ_7z020/axi_xadc/vitiss/xsysmon_polled_printf_example_1/Debug/xsysmon_polled_printf_example_1.elf
configparams force-mem-access 0
----------------End of Script----------------

10:59:22 INFO  : Context for processor 'ps7_cortexa9_0' is selected.
10:59:22 INFO  : 'con' command is executed.
10:59:22 INFO  : ----------------XSDB Script (After Launch)----------------
targets -set -nocase -filter {name =~ "*A9*#0"}
con
----------------End of Script----------------

10:59:22 INFO  : Launch script is exported to file 'E:\ZYNQ_7z020\axi_xadc\vitiss\xsysmon_polled_printf_example_1_system\_ide\scripts\systemdebugger_xsysmon_polled_printf_example_1_system_standalone.tcl'
10:59:30 INFO  : Disconnected from the channel tcfchan#9.
11:58:41 INFO  : Launching XSCT server: xsct.bat -n  -interactive E:\ZYNQ_7z020\axi_xadc\vitiss\temp_xsdb_launch_script.tcl
11:58:48 INFO  : XSCT server has started successfully.
11:58:48 INFO  : plnx-install-location is set to ''
11:58:48 INFO  : Successfully done setting XSCT server connection channel  
11:58:48 INFO  : Successfully done setting workspace for the tool. 
11:58:52 INFO  : Successfully done query RDI_DATADIR 
11:59:00 INFO  : Platform repository initialization has completed.
11:59:01 INFO  : Registering command handlers for Vitis TCF services
12:00:14 INFO  : Connected to target on host '127.0.0.1' and port '3121'.
12:00:14 INFO  : Jtag cable 'Digilent JTAG-HS1 210512180081' is selected.
12:00:14 INFO  : 'jtag frequency' command is executed.
12:00:15 INFO  : Context for 'APU' is selected.
12:00:15 INFO  : System reset is completed.
12:00:18 INFO  : 'after 3000' command is executed.
12:00:18 INFO  : 'targets -set -filter {jtag_cable_name =~ "Digilent JTAG-HS1 210512180081" && level==0 && jtag_device_ctx=="jsn-JTAG-HS1-210512180081-23727093-0"}' command is executed.
12:00:21 INFO  : Device configured successfully with "E:/ZYNQ_7z020/axi_xadc/vitiss/xsysmon_polled_printf_example_1/_ide/bitstream/axi_xadc_bd_wrapper.bit"
12:00:21 INFO  : Context for 'APU' is selected.
12:00:21 INFO  : Hardware design and registers information is loaded from 'E:/ZYNQ_7z020/axi_xadc/vitiss/axi_xadc_plat/export/axi_xadc_plat/hw/axi_xadc_bd_wrapper.xsa'.
12:00:21 INFO  : 'configparams force-mem-access 1' command is executed.
12:00:21 INFO  : Context for 'APU' is selected.
12:00:21 INFO  : Sourcing of 'E:/ZYNQ_7z020/axi_xadc/vitiss/xsysmon_polled_printf_example_1/_ide/psinit/ps7_init.tcl' is done.
12:00:22 INFO  : 'ps7_init' command is executed.
12:00:22 INFO  : 'ps7_post_config' command is executed.
12:00:22 INFO  : Context for processor 'ps7_cortexa9_0' is selected.
12:00:22 INFO  : The application 'E:/ZYNQ_7z020/axi_xadc/vitiss/xsysmon_polled_printf_example_1/Debug/xsysmon_polled_printf_example_1.elf' is downloaded to processor 'ps7_cortexa9_0'.
12:00:22 INFO  : 'configparams force-mem-access 0' command is executed.
12:00:22 INFO  : ----------------XSDB Script----------------
connect -url tcp:127.0.0.1:3121
targets -set -nocase -filter {name =~"APU*"}
rst -system
after 3000
targets -set -filter {jtag_cable_name =~ "Digilent JTAG-HS1 210512180081" && level==0 && jtag_device_ctx=="jsn-JTAG-HS1-210512180081-23727093-0"}
fpga -file E:/ZYNQ_7z020/axi_xadc/vitiss/xsysmon_polled_printf_example_1/_ide/bitstream/axi_xadc_bd_wrapper.bit
targets -set -nocase -filter {name =~"APU*"}
loadhw -hw E:/ZYNQ_7z020/axi_xadc/vitiss/axi_xadc_plat/export/axi_xadc_plat/hw/axi_xadc_bd_wrapper.xsa -mem-ranges [list {0x40000000 0xbfffffff}] -regs
configparams force-mem-access 1
targets -set -nocase -filter {name =~"APU*"}
source E:/ZYNQ_7z020/axi_xadc/vitiss/xsysmon_polled_printf_example_1/_ide/psinit/ps7_init.tcl
ps7_init
ps7_post_config
targets -set -nocase -filter {name =~ "*A9*#0"}
dow E:/ZYNQ_7z020/axi_xadc/vitiss/xsysmon_polled_printf_example_1/Debug/xsysmon_polled_printf_example_1.elf
configparams force-mem-access 0
----------------End of Script----------------

12:00:22 INFO  : Context for processor 'ps7_cortexa9_0' is selected.
12:00:22 INFO  : 'con' command is executed.
12:00:22 INFO  : ----------------XSDB Script (After Launch)----------------
targets -set -nocase -filter {name =~ "*A9*#0"}
con
----------------End of Script----------------

12:00:22 INFO  : Launch script is exported to file 'E:\ZYNQ_7z020\axi_xadc\vitiss\xsysmon_polled_printf_example_1_system\_ide\scripts\systemdebugger_xsysmon_polled_printf_example_1_system_standalone.tcl'
12:00:25 INFO  : Disconnected from the channel tcfchan#1.
12:00:25 INFO  : Connected to target on host '127.0.0.1' and port '3121'.
12:00:25 INFO  : Jtag cable 'Digilent JTAG-HS1 210512180081' is selected.
12:00:25 INFO  : 'jtag frequency' command is executed.
12:00:25 INFO  : Context for 'APU' is selected.
12:00:25 INFO  : System reset is completed.
12:00:28 INFO  : 'after 3000' command is executed.
12:00:28 INFO  : 'targets -set -filter {jtag_cable_name =~ "Digilent JTAG-HS1 210512180081" && level==0 && jtag_device_ctx=="jsn-JTAG-HS1-210512180081-23727093-0"}' command is executed.
12:00:32 INFO  : Device configured successfully with "E:/ZYNQ_7z020/axi_xadc/vitiss/xsysmon_polled_printf_example_1/_ide/bitstream/axi_xadc_bd_wrapper.bit"
12:00:32 INFO  : Context for 'APU' is selected.
12:00:32 INFO  : Hardware design and registers information is loaded from 'E:/ZYNQ_7z020/axi_xadc/vitiss/axi_xadc_plat/export/axi_xadc_plat/hw/axi_xadc_bd_wrapper.xsa'.
12:00:32 INFO  : 'configparams force-mem-access 1' command is executed.
12:00:32 INFO  : Context for 'APU' is selected.
12:00:32 INFO  : Sourcing of 'E:/ZYNQ_7z020/axi_xadc/vitiss/xsysmon_polled_printf_example_1/_ide/psinit/ps7_init.tcl' is done.
12:00:32 INFO  : 'ps7_init' command is executed.
12:00:32 INFO  : 'ps7_post_config' command is executed.
12:00:32 INFO  : Context for processor 'ps7_cortexa9_0' is selected.
12:00:33 INFO  : The application 'E:/ZYNQ_7z020/axi_xadc/vitiss/xsysmon_polled_printf_example_1/Debug/xsysmon_polled_printf_example_1.elf' is downloaded to processor 'ps7_cortexa9_0'.
12:00:33 INFO  : 'configparams force-mem-access 0' command is executed.
12:00:33 INFO  : ----------------XSDB Script----------------
connect -url tcp:127.0.0.1:3121
targets -set -nocase -filter {name =~"APU*"}
rst -system
after 3000
targets -set -filter {jtag_cable_name =~ "Digilent JTAG-HS1 210512180081" && level==0 && jtag_device_ctx=="jsn-JTAG-HS1-210512180081-23727093-0"}
fpga -file E:/ZYNQ_7z020/axi_xadc/vitiss/xsysmon_polled_printf_example_1/_ide/bitstream/axi_xadc_bd_wrapper.bit
targets -set -nocase -filter {name =~"APU*"}
loadhw -hw E:/ZYNQ_7z020/axi_xadc/vitiss/axi_xadc_plat/export/axi_xadc_plat/hw/axi_xadc_bd_wrapper.xsa -mem-ranges [list {0x40000000 0xbfffffff}] -regs
configparams force-mem-access 1
targets -set -nocase -filter {name =~"APU*"}
source E:/ZYNQ_7z020/axi_xadc/vitiss/xsysmon_polled_printf_example_1/_ide/psinit/ps7_init.tcl
ps7_init
ps7_post_config
targets -set -nocase -filter {name =~ "*A9*#0"}
dow E:/ZYNQ_7z020/axi_xadc/vitiss/xsysmon_polled_printf_example_1/Debug/xsysmon_polled_printf_example_1.elf
configparams force-mem-access 0
----------------End of Script----------------

12:00:33 INFO  : Context for processor 'ps7_cortexa9_0' is selected.
12:00:33 INFO  : 'con' command is executed.
12:00:33 INFO  : ----------------XSDB Script (After Launch)----------------
targets -set -nocase -filter {name =~ "*A9*#0"}
con
----------------End of Script----------------

12:00:33 INFO  : Launch script is exported to file 'E:\ZYNQ_7z020\axi_xadc\vitiss\xsysmon_polled_printf_example_1_system\_ide\scripts\systemdebugger_xsysmon_polled_printf_example_1_system_standalone.tcl'
12:01:06 INFO  : Disconnected from the channel tcfchan#2.
12:01:06 INFO  : Connected to target on host '127.0.0.1' and port '3121'.
12:01:06 INFO  : Jtag cable 'Digilent JTAG-HS1 210512180081' is selected.
12:01:06 INFO  : 'jtag frequency' command is executed.
12:01:06 INFO  : Context for 'APU' is selected.
12:01:06 INFO  : System reset is completed.
12:01:09 INFO  : 'after 3000' command is executed.
12:01:10 INFO  : 'targets -set -filter {jtag_cable_name =~ "Digilent JTAG-HS1 210512180081" && level==0 && jtag_device_ctx=="jsn-JTAG-HS1-210512180081-23727093-0"}' command is executed.
12:01:13 INFO  : Device configured successfully with "E:/ZYNQ_7z020/axi_xadc/vitiss/xsysmon_polled_printf_example_1/_ide/bitstream/axi_xadc_bd_wrapper.bit"
12:01:13 INFO  : Context for 'APU' is selected.
12:01:13 INFO  : Hardware design and registers information is loaded from 'E:/ZYNQ_7z020/axi_xadc/vitiss/axi_xadc_plat/export/axi_xadc_plat/hw/axi_xadc_bd_wrapper.xsa'.
12:01:13 INFO  : 'configparams force-mem-access 1' command is executed.
12:01:13 INFO  : Context for 'APU' is selected.
12:01:13 INFO  : Sourcing of 'E:/ZYNQ_7z020/axi_xadc/vitiss/xsysmon_polled_printf_example_1/_ide/psinit/ps7_init.tcl' is done.
12:01:14 INFO  : 'ps7_init' command is executed.
12:01:14 INFO  : 'ps7_post_config' command is executed.
12:01:14 INFO  : Context for processor 'ps7_cortexa9_0' is selected.
12:01:14 INFO  : The application 'E:/ZYNQ_7z020/axi_xadc/vitiss/xsysmon_polled_printf_example_1/Debug/xsysmon_polled_printf_example_1.elf' is downloaded to processor 'ps7_cortexa9_0'.
12:01:14 INFO  : 'configparams force-mem-access 0' command is executed.
12:01:14 INFO  : ----------------XSDB Script----------------
connect -url tcp:127.0.0.1:3121
targets -set -nocase -filter {name =~"APU*"}
rst -system
after 3000
targets -set -filter {jtag_cable_name =~ "Digilent JTAG-HS1 210512180081" && level==0 && jtag_device_ctx=="jsn-JTAG-HS1-210512180081-23727093-0"}
fpga -file E:/ZYNQ_7z020/axi_xadc/vitiss/xsysmon_polled_printf_example_1/_ide/bitstream/axi_xadc_bd_wrapper.bit
targets -set -nocase -filter {name =~"APU*"}
loadhw -hw E:/ZYNQ_7z020/axi_xadc/vitiss/axi_xadc_plat/export/axi_xadc_plat/hw/axi_xadc_bd_wrapper.xsa -mem-ranges [list {0x40000000 0xbfffffff}] -regs
configparams force-mem-access 1
targets -set -nocase -filter {name =~"APU*"}
source E:/ZYNQ_7z020/axi_xadc/vitiss/xsysmon_polled_printf_example_1/_ide/psinit/ps7_init.tcl
ps7_init
ps7_post_config
targets -set -nocase -filter {name =~ "*A9*#0"}
dow E:/ZYNQ_7z020/axi_xadc/vitiss/xsysmon_polled_printf_example_1/Debug/xsysmon_polled_printf_example_1.elf
configparams force-mem-access 0
----------------End of Script----------------

12:01:14 INFO  : Context for processor 'ps7_cortexa9_0' is selected.
12:01:14 INFO  : 'con' command is executed.
12:01:14 INFO  : ----------------XSDB Script (After Launch)----------------
targets -set -nocase -filter {name =~ "*A9*#0"}
con
----------------End of Script----------------

12:01:14 INFO  : Launch script is exported to file 'E:\ZYNQ_7z020\axi_xadc\vitiss\xsysmon_polled_printf_example_1_system\_ide\scripts\systemdebugger_xsysmon_polled_printf_example_1_system_standalone.tcl'
12:33:36 INFO  : Disconnected from the channel tcfchan#3.
15:26:04 INFO  : Launching XSCT server: xsct.bat -n  -interactive E:\ZYNQ_7z020\axi_xadc\vitiss\temp_xsdb_launch_script.tcl
15:26:10 INFO  : XSCT server has started successfully.
15:26:10 INFO  : plnx-install-location is set to ''
15:26:10 INFO  : Successfully done setting XSCT server connection channel  
15:26:10 INFO  : Successfully done setting workspace for the tool. 
15:26:18 INFO  : Successfully done query RDI_DATADIR 
15:26:20 INFO  : Registering command handlers for Vitis TCF services
15:26:20 INFO  : Platform repository initialization has completed.
15:27:12 INFO  : Hardware specification for platform project 'axi_xadc_plat' is updated.
15:30:30 INFO  : Result from executing command 'getProjects': axi_xadc_proj
15:30:30 INFO  : Result from executing command 'getPlatforms': 
15:32:20 INFO  : Example project xadcps_polled_printf_example_1 has been created successfully.
15:57:05 INFO  : Result from executing command 'getProjects': axi_xadc_proj
15:57:05 INFO  : Result from executing command 'getPlatforms': axi_xadc_proj|E:/ZYNQ_7z020/axi_xadc/vitiss/axi_xadc_proj/export/axi_xadc_proj/axi_xadc_proj.xpfm
15:57:05 INFO  : Checking for BSP changes to sync application flags for project 'xadcps_polled_printf_example_1'...
16:08:50 INFO  : Example project xsysmon_polled_printf_example_1 has been created successfully.
16:10:16 INFO  : Connected to target on host '127.0.0.1' and port '3121'.
16:10:17 INFO  : Jtag cable 'Digilent JTAG-HS1 210512180081' is selected.
16:10:17 INFO  : 'jtag frequency' command is executed.
16:10:17 INFO  : Context for 'APU' is selected.
16:10:17 INFO  : System reset is completed.
16:10:20 INFO  : 'after 3000' command is executed.
16:10:20 INFO  : 'targets -set -filter {jtag_cable_name =~ "Digilent JTAG-HS1 210512180081" && level==0 && jtag_device_ctx=="jsn-JTAG-HS1-210512180081-23727093-0"}' command is executed.
16:10:24 INFO  : Device configured successfully with "E:/ZYNQ_7z020/axi_xadc/vitiss/xadcps_polled_printf_example_1/_ide/bitstream/axi_xadc_bd_wrapper.bit"
16:10:24 INFO  : Context for 'APU' is selected.
16:10:24 INFO  : Hardware design and registers information is loaded from 'E:/ZYNQ_7z020/axi_xadc/vitiss/axi_xadc_proj/export/axi_xadc_proj/hw/axi_xadc_bd_wrapper.xsa'.
16:10:24 INFO  : 'configparams force-mem-access 1' command is executed.
16:10:24 INFO  : Context for 'APU' is selected.
16:10:24 INFO  : Sourcing of 'E:/ZYNQ_7z020/axi_xadc/vitiss/xadcps_polled_printf_example_1/_ide/psinit/ps7_init.tcl' is done.
16:10:24 INFO  : 'ps7_init' command is executed.
16:10:24 INFO  : 'ps7_post_config' command is executed.
16:10:24 INFO  : Context for processor 'ps7_cortexa9_0' is selected.
16:10:24 INFO  : The application 'E:/ZYNQ_7z020/axi_xadc/vitiss/xadcps_polled_printf_example_1/Debug/xadcps_polled_printf_example_1.elf' is downloaded to processor 'ps7_cortexa9_0'.
16:10:24 INFO  : 'configparams force-mem-access 0' command is executed.
16:10:24 INFO  : ----------------XSDB Script----------------
connect -url tcp:127.0.0.1:3121
targets -set -nocase -filter {name =~"APU*"}
rst -system
after 3000
targets -set -filter {jtag_cable_name =~ "Digilent JTAG-HS1 210512180081" && level==0 && jtag_device_ctx=="jsn-JTAG-HS1-210512180081-23727093-0"}
fpga -file E:/ZYNQ_7z020/axi_xadc/vitiss/xadcps_polled_printf_example_1/_ide/bitstream/axi_xadc_bd_wrapper.bit
targets -set -nocase -filter {name =~"APU*"}
loadhw -hw E:/ZYNQ_7z020/axi_xadc/vitiss/axi_xadc_proj/export/axi_xadc_proj/hw/axi_xadc_bd_wrapper.xsa -mem-ranges [list {0x40000000 0xbfffffff}] -regs
configparams force-mem-access 1
targets -set -nocase -filter {name =~"APU*"}
source E:/ZYNQ_7z020/axi_xadc/vitiss/xadcps_polled_printf_example_1/_ide/psinit/ps7_init.tcl
ps7_init
ps7_post_config
targets -set -nocase -filter {name =~ "*A9*#0"}
dow E:/ZYNQ_7z020/axi_xadc/vitiss/xadcps_polled_printf_example_1/Debug/xadcps_polled_printf_example_1.elf
configparams force-mem-access 0
----------------End of Script----------------

16:10:25 INFO  : Context for processor 'ps7_cortexa9_0' is selected.
16:10:25 INFO  : 'con' command is executed.
16:10:25 INFO  : ----------------XSDB Script (After Launch)----------------
targets -set -nocase -filter {name =~ "*A9*#0"}
con
----------------End of Script----------------

16:10:25 INFO  : Launch script is exported to file 'E:\ZYNQ_7z020\axi_xadc\vitiss\xadcps_polled_printf_example_1_system\_ide\scripts\systemdebugger_xadcps_polled_printf_example_1_system_standalone.tcl'
16:10:37 INFO  : Checking for BSP changes to sync application flags for project 'xsysmon_polled_printf_example_1'...
16:11:06 INFO  : Disconnected from the channel tcfchan#3.
16:11:07 INFO  : Connected to target on host '127.0.0.1' and port '3121'.
16:11:07 INFO  : Jtag cable 'Digilent JTAG-HS1 210512180081' is selected.
16:11:07 INFO  : 'jtag frequency' command is executed.
16:11:07 INFO  : Context for 'APU' is selected.
16:11:08 INFO  : System reset is completed.
16:11:11 INFO  : 'after 3000' command is executed.
16:11:11 INFO  : 'targets -set -filter {jtag_cable_name =~ "Digilent JTAG-HS1 210512180081" && level==0 && jtag_device_ctx=="jsn-JTAG-HS1-210512180081-23727093-0"}' command is executed.
16:11:14 INFO  : Device configured successfully with "E:/ZYNQ_7z020/axi_xadc/vitiss/xsysmon_polled_printf_example_1/_ide/bitstream/axi_xadc_bd_wrapper.bit"
16:11:14 INFO  : Context for 'APU' is selected.
16:11:14 INFO  : Hardware design and registers information is loaded from 'E:/ZYNQ_7z020/axi_xadc/vitiss/axi_xadc_proj/export/axi_xadc_proj/hw/axi_xadc_bd_wrapper.xsa'.
16:11:14 INFO  : 'configparams force-mem-access 1' command is executed.
16:11:14 INFO  : Context for 'APU' is selected.
16:11:14 INFO  : Sourcing of 'E:/ZYNQ_7z020/axi_xadc/vitiss/xsysmon_polled_printf_example_1/_ide/psinit/ps7_init.tcl' is done.
16:11:15 INFO  : 'ps7_init' command is executed.
16:11:15 INFO  : 'ps7_post_config' command is executed.
16:11:15 INFO  : Context for processor 'ps7_cortexa9_0' is selected.
16:11:15 INFO  : The application 'E:/ZYNQ_7z020/axi_xadc/vitiss/xsysmon_polled_printf_example_1/Debug/xsysmon_polled_printf_example_1.elf' is downloaded to processor 'ps7_cortexa9_0'.
16:11:15 INFO  : 'configparams force-mem-access 0' command is executed.
16:11:15 INFO  : ----------------XSDB Script----------------
connect -url tcp:127.0.0.1:3121
targets -set -nocase -filter {name =~"APU*"}
rst -system
after 3000
targets -set -filter {jtag_cable_name =~ "Digilent JTAG-HS1 210512180081" && level==0 && jtag_device_ctx=="jsn-JTAG-HS1-210512180081-23727093-0"}
fpga -file E:/ZYNQ_7z020/axi_xadc/vitiss/xsysmon_polled_printf_example_1/_ide/bitstream/axi_xadc_bd_wrapper.bit
targets -set -nocase -filter {name =~"APU*"}
loadhw -hw E:/ZYNQ_7z020/axi_xadc/vitiss/axi_xadc_proj/export/axi_xadc_proj/hw/axi_xadc_bd_wrapper.xsa -mem-ranges [list {0x40000000 0xbfffffff}] -regs
configparams force-mem-access 1
targets -set -nocase -filter {name =~"APU*"}
source E:/ZYNQ_7z020/axi_xadc/vitiss/xsysmon_polled_printf_example_1/_ide/psinit/ps7_init.tcl
ps7_init
ps7_post_config
targets -set -nocase -filter {name =~ "*A9*#0"}
dow E:/ZYNQ_7z020/axi_xadc/vitiss/xsysmon_polled_printf_example_1/Debug/xsysmon_polled_printf_example_1.elf
configparams force-mem-access 0
----------------End of Script----------------

16:11:15 INFO  : Context for processor 'ps7_cortexa9_0' is selected.
16:11:15 INFO  : 'con' command is executed.
16:11:15 INFO  : ----------------XSDB Script (After Launch)----------------
targets -set -nocase -filter {name =~ "*A9*#0"}
con
----------------End of Script----------------

16:11:15 INFO  : Launch script is exported to file 'E:\ZYNQ_7z020\axi_xadc\vitiss\xsysmon_polled_printf_example_1_system\_ide\scripts\systemdebugger_xsysmon_polled_printf_example_1_system_standalone.tcl'
16:32:00 INFO  : Checking for BSP changes to sync application flags for project 'xadc_demo'...
16:37:14 INFO  : Checking for BSP changes to sync application flags for project 'xadc_demo'...
16:38:16 INFO  : Disconnected from the channel tcfchan#5.
16:38:17 INFO  : Connected to target on host '127.0.0.1' and port '3121'.
16:38:17 INFO  : Jtag cable 'Digilent JTAG-HS1 210512180081' is selected.
16:38:17 INFO  : 'jtag frequency' command is executed.
16:38:17 INFO  : Context for 'APU' is selected.
16:38:17 INFO  : System reset is completed.
16:38:20 INFO  : 'after 3000' command is executed.
16:38:21 INFO  : 'targets -set -filter {jtag_cable_name =~ "Digilent JTAG-HS1 210512180081" && level==0 && jtag_device_ctx=="jsn-JTAG-HS1-210512180081-23727093-0"}' command is executed.
16:38:24 INFO  : Device configured successfully with "E:/ZYNQ_7z020/axi_xadc/vitiss/xadc_demo/_ide/bitstream/axi_xadc_bd_wrapper.bit"
16:38:24 INFO  : Context for 'APU' is selected.
16:38:24 INFO  : Hardware design and registers information is loaded from 'E:/ZYNQ_7z020/axi_xadc/vitiss/axi_xadc_proj/export/axi_xadc_proj/hw/axi_xadc_bd_wrapper.xsa'.
16:38:24 INFO  : 'configparams force-mem-access 1' command is executed.
16:38:24 INFO  : Context for 'APU' is selected.
16:38:24 INFO  : Sourcing of 'E:/ZYNQ_7z020/axi_xadc/vitiss/xadc_demo/_ide/psinit/ps7_init.tcl' is done.
16:38:24 INFO  : 'ps7_init' command is executed.
16:38:24 INFO  : 'ps7_post_config' command is executed.
16:38:24 INFO  : Context for processor 'ps7_cortexa9_0' is selected.
16:38:26 INFO  : The application 'E:/ZYNQ_7z020/axi_xadc/vitiss/xadc_demo/Debug/xadc_demo.elf' is downloaded to processor 'ps7_cortexa9_0'.
16:38:26 INFO  : 'configparams force-mem-access 0' command is executed.
16:38:26 INFO  : ----------------XSDB Script----------------
connect -url tcp:127.0.0.1:3121
targets -set -nocase -filter {name =~"APU*"}
rst -system
after 3000
targets -set -filter {jtag_cable_name =~ "Digilent JTAG-HS1 210512180081" && level==0 && jtag_device_ctx=="jsn-JTAG-HS1-210512180081-23727093-0"}
fpga -file E:/ZYNQ_7z020/axi_xadc/vitiss/xadc_demo/_ide/bitstream/axi_xadc_bd_wrapper.bit
targets -set -nocase -filter {name =~"APU*"}
loadhw -hw E:/ZYNQ_7z020/axi_xadc/vitiss/axi_xadc_proj/export/axi_xadc_proj/hw/axi_xadc_bd_wrapper.xsa -mem-ranges [list {0x40000000 0xbfffffff}] -regs
configparams force-mem-access 1
targets -set -nocase -filter {name =~"APU*"}
source E:/ZYNQ_7z020/axi_xadc/vitiss/xadc_demo/_ide/psinit/ps7_init.tcl
ps7_init
ps7_post_config
targets -set -nocase -filter {name =~ "*A9*#0"}
dow E:/ZYNQ_7z020/axi_xadc/vitiss/xadc_demo/Debug/xadc_demo.elf
configparams force-mem-access 0
----------------End of Script----------------

16:38:26 INFO  : Context for processor 'ps7_cortexa9_0' is selected.
16:38:26 INFO  : 'con' command is executed.
16:38:26 INFO  : ----------------XSDB Script (After Launch)----------------
targets -set -nocase -filter {name =~ "*A9*#0"}
con
----------------End of Script----------------

16:38:26 INFO  : Launch script is exported to file 'E:\ZYNQ_7z020\axi_xadc\vitiss\xadc_demo_system\_ide\scripts\systemdebugger_xadc_demo_system_standalone.tcl'
11:02:33 INFO  : Checking for BSP changes to sync application flags for project 'xadc_demo'...
11:04:57 INFO  : Checking for BSP changes to sync application flags for project 'xadc_demo'...
11:06:48 INFO  : Disconnected from the channel tcfchan#8.
11:06:48 INFO  : Connected to target on host '127.0.0.1' and port '3121'.
11:06:48 INFO  : Jtag cable 'Digilent JTAG-HS1 210512180081' is selected.
11:06:48 INFO  : 'jtag frequency' command is executed.
11:06:48 INFO  : Context for 'APU' is selected.
11:06:48 INFO  : System reset is completed.
11:06:51 INFO  : 'after 3000' command is executed.
11:06:51 INFO  : 'targets -set -filter {jtag_cable_name =~ "Digilent JTAG-HS1 210512180081" && level==0 && jtag_device_ctx=="jsn-JTAG-HS1-210512180081-23727093-0"}' command is executed.
11:06:55 INFO  : Device configured successfully with "E:/ZYNQ_7z020/axi_xadc/vitiss/xadc_demo/_ide/bitstream/axi_xadc_bd_wrapper.bit"
11:06:55 INFO  : Context for 'APU' is selected.
11:06:55 INFO  : Hardware design and registers information is loaded from 'E:/ZYNQ_7z020/axi_xadc/vitiss/axi_xadc_proj/export/axi_xadc_proj/hw/axi_xadc_bd_wrapper.xsa'.
11:06:55 INFO  : 'configparams force-mem-access 1' command is executed.
11:06:55 INFO  : Context for 'APU' is selected.
11:06:55 INFO  : Sourcing of 'E:/ZYNQ_7z020/axi_xadc/vitiss/xadc_demo/_ide/psinit/ps7_init.tcl' is done.
11:06:55 INFO  : 'ps7_init' command is executed.
11:06:55 INFO  : 'ps7_post_config' command is executed.
11:06:55 INFO  : Context for processor 'ps7_cortexa9_0' is selected.
11:06:57 INFO  : The application 'E:/ZYNQ_7z020/axi_xadc/vitiss/xadc_demo/Debug/xadc_demo.elf' is downloaded to processor 'ps7_cortexa9_0'.
11:06:57 INFO  : 'configparams force-mem-access 0' command is executed.
11:06:57 INFO  : ----------------XSDB Script----------------
connect -url tcp:127.0.0.1:3121
targets -set -nocase -filter {name =~"APU*"}
rst -system
after 3000
targets -set -filter {jtag_cable_name =~ "Digilent JTAG-HS1 210512180081" && level==0 && jtag_device_ctx=="jsn-JTAG-HS1-210512180081-23727093-0"}
fpga -file E:/ZYNQ_7z020/axi_xadc/vitiss/xadc_demo/_ide/bitstream/axi_xadc_bd_wrapper.bit
targets -set -nocase -filter {name =~"APU*"}
loadhw -hw E:/ZYNQ_7z020/axi_xadc/vitiss/axi_xadc_proj/export/axi_xadc_proj/hw/axi_xadc_bd_wrapper.xsa -mem-ranges [list {0x40000000 0xbfffffff}] -regs
configparams force-mem-access 1
targets -set -nocase -filter {name =~"APU*"}
source E:/ZYNQ_7z020/axi_xadc/vitiss/xadc_demo/_ide/psinit/ps7_init.tcl
ps7_init
ps7_post_config
targets -set -nocase -filter {name =~ "*A9*#0"}
dow E:/ZYNQ_7z020/axi_xadc/vitiss/xadc_demo/Debug/xadc_demo.elf
configparams force-mem-access 0
----------------End of Script----------------

11:06:57 INFO  : Context for processor 'ps7_cortexa9_0' is selected.
11:06:57 INFO  : 'con' command is executed.
11:06:57 INFO  : ----------------XSDB Script (After Launch)----------------
targets -set -nocase -filter {name =~ "*A9*#0"}
con
----------------End of Script----------------

11:06:57 INFO  : Launch script is exported to file 'E:\ZYNQ_7z020\axi_xadc\vitiss\xadc_demo_system\_ide\scripts\systemdebugger_xadc_demo_system_standalone.tcl'
11:32:13 INFO  : Checking for BSP changes to sync application flags for project 'xadc_demo'...
11:33:31 INFO  : Checking for BSP changes to sync application flags for project 'xadc_demo'...
11:34:02 INFO  : Disconnected from the channel tcfchan#11.
11:34:02 INFO  : Connected to target on host '127.0.0.1' and port '3121'.
11:34:02 INFO  : Jtag cable 'Digilent JTAG-HS1 210512180081' is selected.
11:34:02 INFO  : 'jtag frequency' command is executed.
11:34:02 INFO  : Context for 'APU' is selected.
11:34:03 INFO  : System reset is completed.
11:34:06 INFO  : 'after 3000' command is executed.
11:34:06 INFO  : 'targets -set -filter {jtag_cable_name =~ "Digilent JTAG-HS1 210512180081" && level==0 && jtag_device_ctx=="jsn-JTAG-HS1-210512180081-23727093-0"}' command is executed.
11:34:09 INFO  : Device configured successfully with "E:/ZYNQ_7z020/axi_xadc/vitiss/xadc_demo/_ide/bitstream/axi_xadc_bd_wrapper.bit"
11:34:09 INFO  : Context for 'APU' is selected.
11:34:09 INFO  : Hardware design and registers information is loaded from 'E:/ZYNQ_7z020/axi_xadc/vitiss/axi_xadc_proj/export/axi_xadc_proj/hw/axi_xadc_bd_wrapper.xsa'.
11:34:09 INFO  : 'configparams force-mem-access 1' command is executed.
11:34:09 INFO  : Context for 'APU' is selected.
11:34:09 INFO  : Sourcing of 'E:/ZYNQ_7z020/axi_xadc/vitiss/xadc_demo/_ide/psinit/ps7_init.tcl' is done.
11:34:09 INFO  : 'ps7_init' command is executed.
11:34:09 INFO  : 'ps7_post_config' command is executed.
11:34:09 INFO  : Context for processor 'ps7_cortexa9_0' is selected.
11:34:11 INFO  : The application 'E:/ZYNQ_7z020/axi_xadc/vitiss/xadc_demo/Debug/xadc_demo.elf' is downloaded to processor 'ps7_cortexa9_0'.
11:34:11 INFO  : 'configparams force-mem-access 0' command is executed.
11:34:11 INFO  : ----------------XSDB Script----------------
connect -url tcp:127.0.0.1:3121
targets -set -nocase -filter {name =~"APU*"}
rst -system
after 3000
targets -set -filter {jtag_cable_name =~ "Digilent JTAG-HS1 210512180081" && level==0 && jtag_device_ctx=="jsn-JTAG-HS1-210512180081-23727093-0"}
fpga -file E:/ZYNQ_7z020/axi_xadc/vitiss/xadc_demo/_ide/bitstream/axi_xadc_bd_wrapper.bit
targets -set -nocase -filter {name =~"APU*"}
loadhw -hw E:/ZYNQ_7z020/axi_xadc/vitiss/axi_xadc_proj/export/axi_xadc_proj/hw/axi_xadc_bd_wrapper.xsa -mem-ranges [list {0x40000000 0xbfffffff}] -regs
configparams force-mem-access 1
targets -set -nocase -filter {name =~"APU*"}
source E:/ZYNQ_7z020/axi_xadc/vitiss/xadc_demo/_ide/psinit/ps7_init.tcl
ps7_init
ps7_post_config
targets -set -nocase -filter {name =~ "*A9*#0"}
dow E:/ZYNQ_7z020/axi_xadc/vitiss/xadc_demo/Debug/xadc_demo.elf
configparams force-mem-access 0
----------------End of Script----------------

11:34:11 INFO  : Context for processor 'ps7_cortexa9_0' is selected.
11:34:11 INFO  : 'con' command is executed.
11:34:11 INFO  : ----------------XSDB Script (After Launch)----------------
targets -set -nocase -filter {name =~ "*A9*#0"}
con
----------------End of Script----------------

11:34:11 INFO  : Launch script is exported to file 'E:\ZYNQ_7z020\axi_xadc\vitiss\xadc_demo_system\_ide\scripts\systemdebugger_xadc_demo_system_standalone.tcl'
11:34:41 INFO  : Checking for BSP changes to sync application flags for project 'xadc_demo'...
11:35:21 INFO  : Disconnected from the channel tcfchan#14.
11:35:21 INFO  : Connected to target on host '127.0.0.1' and port '3121'.
11:35:21 INFO  : Jtag cable 'Digilent JTAG-HS1 210512180081' is selected.
11:35:21 INFO  : 'jtag frequency' command is executed.
11:35:21 INFO  : Context for 'APU' is selected.
11:35:21 INFO  : System reset is completed.
11:35:24 INFO  : 'after 3000' command is executed.
11:35:24 INFO  : 'targets -set -filter {jtag_cable_name =~ "Digilent JTAG-HS1 210512180081" && level==0 && jtag_device_ctx=="jsn-JTAG-HS1-210512180081-23727093-0"}' command is executed.
11:35:28 INFO  : Device configured successfully with "E:/ZYNQ_7z020/axi_xadc/vitiss/xadc_demo/_ide/bitstream/axi_xadc_bd_wrapper.bit"
11:35:28 INFO  : Context for 'APU' is selected.
11:35:28 INFO  : Hardware design and registers information is loaded from 'E:/ZYNQ_7z020/axi_xadc/vitiss/axi_xadc_proj/export/axi_xadc_proj/hw/axi_xadc_bd_wrapper.xsa'.
11:35:28 INFO  : 'configparams force-mem-access 1' command is executed.
11:35:28 INFO  : Context for 'APU' is selected.
11:35:28 INFO  : Sourcing of 'E:/ZYNQ_7z020/axi_xadc/vitiss/xadc_demo/_ide/psinit/ps7_init.tcl' is done.
11:35:28 INFO  : 'ps7_init' command is executed.
11:35:28 INFO  : 'ps7_post_config' command is executed.
11:35:28 INFO  : Context for processor 'ps7_cortexa9_0' is selected.
11:35:30 INFO  : The application 'E:/ZYNQ_7z020/axi_xadc/vitiss/xadc_demo/Debug/xadc_demo.elf' is downloaded to processor 'ps7_cortexa9_0'.
11:35:30 INFO  : 'configparams force-mem-access 0' command is executed.
11:35:30 INFO  : ----------------XSDB Script----------------
connect -url tcp:127.0.0.1:3121
targets -set -nocase -filter {name =~"APU*"}
rst -system
after 3000
targets -set -filter {jtag_cable_name =~ "Digilent JTAG-HS1 210512180081" && level==0 && jtag_device_ctx=="jsn-JTAG-HS1-210512180081-23727093-0"}
fpga -file E:/ZYNQ_7z020/axi_xadc/vitiss/xadc_demo/_ide/bitstream/axi_xadc_bd_wrapper.bit
targets -set -nocase -filter {name =~"APU*"}
loadhw -hw E:/ZYNQ_7z020/axi_xadc/vitiss/axi_xadc_proj/export/axi_xadc_proj/hw/axi_xadc_bd_wrapper.xsa -mem-ranges [list {0x40000000 0xbfffffff}] -regs
configparams force-mem-access 1
targets -set -nocase -filter {name =~"APU*"}
source E:/ZYNQ_7z020/axi_xadc/vitiss/xadc_demo/_ide/psinit/ps7_init.tcl
ps7_init
ps7_post_config
targets -set -nocase -filter {name =~ "*A9*#0"}
dow E:/ZYNQ_7z020/axi_xadc/vitiss/xadc_demo/Debug/xadc_demo.elf
configparams force-mem-access 0
----------------End of Script----------------

11:35:30 INFO  : Context for processor 'ps7_cortexa9_0' is selected.
11:35:30 INFO  : 'con' command is executed.
11:35:30 INFO  : ----------------XSDB Script (After Launch)----------------
targets -set -nocase -filter {name =~ "*A9*#0"}
con
----------------End of Script----------------

11:35:30 INFO  : Launch script is exported to file 'E:\ZYNQ_7z020\axi_xadc\vitiss\xadc_demo_system\_ide\scripts\systemdebugger_xadc_demo_system_standalone.tcl'
11:35:59 INFO  : Checking for BSP changes to sync application flags for project 'xadc_demo'...
11:39:40 INFO  : Disconnected from the channel tcfchan#16.
