10:20:16 INFO  : Launching XSCT server: xsct.bat -n  -interactive E:\ZYNQ_7z020\axi_gpio\vitiss\temp_xsdb_launch_script.tcl
10:20:16 INFO  : Registering command handlers for Vitis TCF services
10:20:21 INFO  : Platform repository initialization has completed.
10:20:21 INFO  : XSCT server has started successfully.
10:20:26 INFO  : Successfully done setting XSCT server connection channel  
10:20:26 INFO  : plnx-install-location is set to ''
10:20:26 INFO  : Successfully done query RDI_DATADIR 
10:20:26 INFO  : Successfully done setting workspace for the tool. 
10:21:47 INFO  : Result from executing command 'getProjects': bd_axi_gpio_wrapper
10:21:47 INFO  : Result from executing command 'getPlatforms': 
10:21:47 WARN  : An unexpected exception occurred in the module 'platform project logging'
10:21:47 INFO  : Platform 'bd_axi_gpio_wrapper' is added to custom repositories.
10:21:57 INFO  : Platform 'bd_axi_gpio_wrapper' is added to custom repositories.
10:25:12 INFO  : Result from executing command 'getProjects': bd_axi_gpio_wrapper
10:25:15 INFO  : Result from executing command 'getPlatforms': bd_axi_gpio_wrapper|E:/ZYNQ_7z020/axi_gpio/vitiss/bd_axi_gpio_wrapper/export/bd_axi_gpio_wrapper/bd_axi_gpio_wrapper.xpfm
10:25:15 INFO  : Checking for BSP changes to sync application flags for project 'axi_gpio_proj'...
10:32:00 INFO  : Example project xuartps_polled_example_1 has been created successfully.
10:32:42 INFO  : Example project xgpio_example_1 has been created successfully.
10:32:59 INFO  : Result from executing command 'getProjects': bd_axi_gpio_wrapper
10:32:59 INFO  : Result from executing command 'getPlatforms': bd_axi_gpio_wrapper|E:/ZYNQ_7z020/axi_gpio/vitiss/bd_axi_gpio_wrapper/export/bd_axi_gpio_wrapper/bd_axi_gpio_wrapper.xpfm
10:32:59 INFO  : Checking for BSP changes to sync application flags for project 'xuartps_polled_example_1'...
10:33:35 INFO  : Connected to target on host '127.0.0.1' and port '3121'.
10:33:36 INFO  : Jtag cable 'Digilent JTAG-HS1 210512180081' is selected.
10:33:36 INFO  : 'jtag frequency' command is executed.
10:33:36 INFO  : Context for 'APU' is selected.
10:33:36 INFO  : System reset is completed.
10:33:39 INFO  : 'after 3000' command is executed.
10:33:39 INFO  : 'targets -set -filter {jtag_cable_name =~ "Digilent JTAG-HS1 210512180081" && level==0 && jtag_device_ctx=="jsn-JTAG-HS1-210512180081-23727093-0"}' command is executed.
10:33:43 INFO  : Device configured successfully with "E:/ZYNQ_7z020/axi_gpio/vitiss/xuartps_polled_example_1/_ide/bitstream/bd_axi_gpio_wrapper.bit"
10:33:43 INFO  : Context for 'APU' is selected.
10:33:43 INFO  : Hardware design and registers information is loaded from 'E:/ZYNQ_7z020/axi_gpio/vitiss/bd_axi_gpio_wrapper/export/bd_axi_gpio_wrapper/hw/bd_axi_gpio_wrapper.xsa'.
10:33:43 INFO  : 'configparams force-mem-access 1' command is executed.
10:33:43 INFO  : Context for 'APU' is selected.
10:33:43 INFO  : Sourcing of 'E:/ZYNQ_7z020/axi_gpio/vitiss/xuartps_polled_example_1/_ide/psinit/ps7_init.tcl' is done.
10:33:43 INFO  : 'ps7_init' command is executed.
10:33:43 INFO  : 'ps7_post_config' command is executed.
10:33:43 INFO  : Context for processor 'ps7_cortexa9_0' is selected.
10:33:44 INFO  : The application 'E:/ZYNQ_7z020/axi_gpio/vitiss/xuartps_polled_example_1/Debug/xuartps_polled_example_1.elf' is downloaded to processor 'ps7_cortexa9_0'.
10:33:44 INFO  : 'configparams force-mem-access 0' command is executed.
10:33:44 INFO  : ----------------XSDB Script----------------
connect -url tcp:127.0.0.1:3121
targets -set -nocase -filter {name =~"APU*"}
rst -system
after 3000
targets -set -filter {jtag_cable_name =~ "Digilent JTAG-HS1 210512180081" && level==0 && jtag_device_ctx=="jsn-JTAG-HS1-210512180081-23727093-0"}
fpga -file E:/ZYNQ_7z020/axi_gpio/vitiss/xuartps_polled_example_1/_ide/bitstream/bd_axi_gpio_wrapper.bit
targets -set -nocase -filter {name =~"APU*"}
loadhw -hw E:/ZYNQ_7z020/axi_gpio/vitiss/bd_axi_gpio_wrapper/export/bd_axi_gpio_wrapper/hw/bd_axi_gpio_wrapper.xsa -mem-ranges [list {0x40000000 0xbfffffff}] -regs
configparams force-mem-access 1
targets -set -nocase -filter {name =~"APU*"}
source E:/ZYNQ_7z020/axi_gpio/vitiss/xuartps_polled_example_1/_ide/psinit/ps7_init.tcl
ps7_init
ps7_post_config
targets -set -nocase -filter {name =~ "*A9*#0"}
dow E:/ZYNQ_7z020/axi_gpio/vitiss/xuartps_polled_example_1/Debug/xuartps_polled_example_1.elf
configparams force-mem-access 0
----------------End of Script----------------

10:33:44 INFO  : Context for processor 'ps7_cortexa9_0' is selected.
10:33:44 INFO  : 'con' command is executed.
10:33:44 INFO  : ----------------XSDB Script (After Launch)----------------
targets -set -nocase -filter {name =~ "*A9*#0"}
con
----------------End of Script----------------

10:33:44 INFO  : Launch script is exported to file 'E:\ZYNQ_7z020\axi_gpio\vitiss\xuartps_polled_example_1_system\_ide\scripts\systemdebugger_xuartps_polled_example_1_system_standalone.tcl'
10:58:09 INFO  : Checking for BSP changes to sync application flags for project 'xgpio_example_1'...
11:00:35 INFO  : Disconnected from the channel tcfchan#5.
11:00:36 INFO  : Connected to target on host '127.0.0.1' and port '3121'.
11:00:36 INFO  : Jtag cable 'Digilent JTAG-HS1 210512180081' is selected.
11:00:36 INFO  : 'jtag frequency' command is executed.
11:00:36 INFO  : Context for 'APU' is selected.
11:00:36 INFO  : System reset is completed.
11:00:39 INFO  : 'after 3000' command is executed.
11:00:39 INFO  : 'targets -set -filter {jtag_cable_name =~ "Digilent JTAG-HS1 210512180081" && level==0 && jtag_device_ctx=="jsn-JTAG-HS1-210512180081-23727093-0"}' command is executed.
11:00:43 INFO  : Device configured successfully with "E:/ZYNQ_7z020/axi_gpio/vitiss/xgpio_example_1/_ide/bitstream/bd_axi_gpio_wrapper.bit"
11:00:43 INFO  : Context for 'APU' is selected.
11:00:43 INFO  : Hardware design and registers information is loaded from 'E:/ZYNQ_7z020/axi_gpio/vitiss/bd_axi_gpio_wrapper/export/bd_axi_gpio_wrapper/hw/bd_axi_gpio_wrapper.xsa'.
11:00:43 INFO  : 'configparams force-mem-access 1' command is executed.
11:00:43 INFO  : Context for 'APU' is selected.
11:00:43 INFO  : Sourcing of 'E:/ZYNQ_7z020/axi_gpio/vitiss/xgpio_example_1/_ide/psinit/ps7_init.tcl' is done.
11:00:43 INFO  : 'ps7_init' command is executed.
11:00:43 INFO  : 'ps7_post_config' command is executed.
11:00:43 INFO  : Context for processor 'ps7_cortexa9_0' is selected.
11:00:44 INFO  : The application 'E:/ZYNQ_7z020/axi_gpio/vitiss/xgpio_example_1/Debug/xgpio_example_1.elf' is downloaded to processor 'ps7_cortexa9_0'.
11:00:44 INFO  : 'configparams force-mem-access 0' command is executed.
11:00:44 INFO  : ----------------XSDB Script----------------
connect -url tcp:127.0.0.1:3121
targets -set -nocase -filter {name =~"APU*"}
rst -system
after 3000
targets -set -filter {jtag_cable_name =~ "Digilent JTAG-HS1 210512180081" && level==0 && jtag_device_ctx=="jsn-JTAG-HS1-210512180081-23727093-0"}
fpga -file E:/ZYNQ_7z020/axi_gpio/vitiss/xgpio_example_1/_ide/bitstream/bd_axi_gpio_wrapper.bit
targets -set -nocase -filter {name =~"APU*"}
loadhw -hw E:/ZYNQ_7z020/axi_gpio/vitiss/bd_axi_gpio_wrapper/export/bd_axi_gpio_wrapper/hw/bd_axi_gpio_wrapper.xsa -mem-ranges [list {0x40000000 0xbfffffff}] -regs
configparams force-mem-access 1
targets -set -nocase -filter {name =~"APU*"}
source E:/ZYNQ_7z020/axi_gpio/vitiss/xgpio_example_1/_ide/psinit/ps7_init.tcl
ps7_init
ps7_post_config
targets -set -nocase -filter {name =~ "*A9*#0"}
dow E:/ZYNQ_7z020/axi_gpio/vitiss/xgpio_example_1/Debug/xgpio_example_1.elf
configparams force-mem-access 0
----------------End of Script----------------

11:00:44 INFO  : Context for processor 'ps7_cortexa9_0' is selected.
11:00:44 INFO  : 'con' command is executed.
11:00:44 INFO  : ----------------XSDB Script (After Launch)----------------
targets -set -nocase -filter {name =~ "*A9*#0"}
con
----------------End of Script----------------

11:00:44 INFO  : Launch script is exported to file 'E:\ZYNQ_7z020\axi_gpio\vitiss\xgpio_example_1_system\_ide\scripts\systemdebugger_xgpio_example_1_system_standalone.tcl'
11:08:22 INFO  : Checking for BSP changes to sync application flags for project 'xgpio_example_1'...
11:08:52 INFO  : Disconnected from the channel tcfchan#7.
11:08:52 INFO  : Connected to target on host '127.0.0.1' and port '3121'.
11:08:52 INFO  : Jtag cable 'Digilent JTAG-HS1 210512180081' is selected.
11:08:52 INFO  : 'jtag frequency' command is executed.
11:08:52 INFO  : Context for 'APU' is selected.
11:08:52 INFO  : System reset is completed.
11:08:55 INFO  : 'after 3000' command is executed.
11:08:55 INFO  : 'targets -set -filter {jtag_cable_name =~ "Digilent JTAG-HS1 210512180081" && level==0 && jtag_device_ctx=="jsn-JTAG-HS1-210512180081-23727093-0"}' command is executed.
11:08:59 INFO  : Device configured successfully with "E:/ZYNQ_7z020/axi_gpio/vitiss/xgpio_example_1/_ide/bitstream/bd_axi_gpio_wrapper.bit"
11:08:59 INFO  : Context for 'APU' is selected.
11:08:59 INFO  : Hardware design and registers information is loaded from 'E:/ZYNQ_7z020/axi_gpio/vitiss/bd_axi_gpio_wrapper/export/bd_axi_gpio_wrapper/hw/bd_axi_gpio_wrapper.xsa'.
11:08:59 INFO  : 'configparams force-mem-access 1' command is executed.
11:08:59 INFO  : Context for 'APU' is selected.
11:08:59 INFO  : Sourcing of 'E:/ZYNQ_7z020/axi_gpio/vitiss/xgpio_example_1/_ide/psinit/ps7_init.tcl' is done.
11:08:59 INFO  : 'ps7_init' command is executed.
11:08:59 INFO  : 'ps7_post_config' command is executed.
11:08:59 INFO  : Context for processor 'ps7_cortexa9_0' is selected.
11:08:59 INFO  : The application 'E:/ZYNQ_7z020/axi_gpio/vitiss/xgpio_example_1/Debug/xgpio_example_1.elf' is downloaded to processor 'ps7_cortexa9_0'.
11:08:59 INFO  : 'configparams force-mem-access 0' command is executed.
11:08:59 INFO  : ----------------XSDB Script----------------
connect -url tcp:127.0.0.1:3121
targets -set -nocase -filter {name =~"APU*"}
rst -system
after 3000
targets -set -filter {jtag_cable_name =~ "Digilent JTAG-HS1 210512180081" && level==0 && jtag_device_ctx=="jsn-JTAG-HS1-210512180081-23727093-0"}
fpga -file E:/ZYNQ_7z020/axi_gpio/vitiss/xgpio_example_1/_ide/bitstream/bd_axi_gpio_wrapper.bit
targets -set -nocase -filter {name =~"APU*"}
loadhw -hw E:/ZYNQ_7z020/axi_gpio/vitiss/bd_axi_gpio_wrapper/export/bd_axi_gpio_wrapper/hw/bd_axi_gpio_wrapper.xsa -mem-ranges [list {0x40000000 0xbfffffff}] -regs
configparams force-mem-access 1
targets -set -nocase -filter {name =~"APU*"}
source E:/ZYNQ_7z020/axi_gpio/vitiss/xgpio_example_1/_ide/psinit/ps7_init.tcl
ps7_init
ps7_post_config
targets -set -nocase -filter {name =~ "*A9*#0"}
dow E:/ZYNQ_7z020/axi_gpio/vitiss/xgpio_example_1/Debug/xgpio_example_1.elf
configparams force-mem-access 0
----------------End of Script----------------

11:08:59 INFO  : Context for processor 'ps7_cortexa9_0' is selected.
11:08:59 INFO  : 'con' command is executed.
11:08:59 INFO  : ----------------XSDB Script (After Launch)----------------
targets -set -nocase -filter {name =~ "*A9*#0"}
con
----------------End of Script----------------

11:08:59 INFO  : Launch script is exported to file 'E:\ZYNQ_7z020\axi_gpio\vitiss\xgpio_example_1_system\_ide\scripts\systemdebugger_xgpio_example_1_system_standalone.tcl'
11:15:33 INFO  : Example project xgpio_tapp_example_1 has been created successfully.
11:18:37 INFO  : Checking for BSP changes to sync application flags for project 'xgpio_tapp_example_1'...
11:19:05 INFO  : Disconnected from the channel tcfchan#9.
11:19:06 INFO  : Connected to target on host '127.0.0.1' and port '3121'.
11:19:24 INFO  : ----------------XSDB Script----------------
connect -url tcp:127.0.0.1:3121
----------------End of Script----------------

11:19:24 ERROR : Could not find ARM device on the board for connection 'Local'.
Check if the target is in:
1. Split JTAG - No operations are possible with ARM DAP.
2. Non JTAG bootmode - Bootrom may need time to enable DAP.
Please try again.


Troubleshooting hints:
1. Check whether board is connected to system properly.
2. In case of zynq board, check whether Digilent/Xilinx cable switch settings are correct.
3. If you are using Xilinx Platform Cable USB, ensure that status LED is green.
11:19:38 INFO  : Connected to target on host '127.0.0.1' and port '3121'.
11:19:39 INFO  : Jtag cable 'Digilent JTAG-HS1 210512180081' is selected.
11:19:39 INFO  : 'jtag frequency' command is executed.
11:19:39 INFO  : Context for 'APU' is selected.
11:19:39 INFO  : System reset is completed.
11:19:42 INFO  : 'after 3000' command is executed.
11:19:42 INFO  : 'targets -set -filter {jtag_cable_name =~ "Digilent JTAG-HS1 210512180081" && level==0 && jtag_device_ctx=="jsn-JTAG-HS1-210512180081-23727093-0"}' command is executed.
11:19:45 INFO  : Device configured successfully with "E:/ZYNQ_7z020/axi_gpio/vitiss/xgpio_tapp_example_1/_ide/bitstream/bd_axi_gpio_wrapper.bit"
11:19:45 INFO  : Context for 'APU' is selected.
11:19:45 INFO  : Hardware design and registers information is loaded from 'E:/ZYNQ_7z020/axi_gpio/vitiss/bd_axi_gpio_wrapper/export/bd_axi_gpio_wrapper/hw/bd_axi_gpio_wrapper.xsa'.
11:19:45 INFO  : 'configparams force-mem-access 1' command is executed.
11:19:45 INFO  : Context for 'APU' is selected.
11:19:45 INFO  : Sourcing of 'E:/ZYNQ_7z020/axi_gpio/vitiss/xgpio_tapp_example_1/_ide/psinit/ps7_init.tcl' is done.
11:19:46 INFO  : 'ps7_init' command is executed.
11:19:46 INFO  : 'ps7_post_config' command is executed.
11:19:46 INFO  : Context for processor 'ps7_cortexa9_0' is selected.
11:19:46 INFO  : The application 'E:/ZYNQ_7z020/axi_gpio/vitiss/xgpio_tapp_example_1/Debug/xgpio_tapp_example_1.elf' is downloaded to processor 'ps7_cortexa9_0'.
11:19:46 INFO  : 'configparams force-mem-access 0' command is executed.
11:19:46 INFO  : ----------------XSDB Script----------------
connect -url tcp:127.0.0.1:3121
targets -set -nocase -filter {name =~"APU*"}
rst -system
after 3000
targets -set -filter {jtag_cable_name =~ "Digilent JTAG-HS1 210512180081" && level==0 && jtag_device_ctx=="jsn-JTAG-HS1-210512180081-23727093-0"}
fpga -file E:/ZYNQ_7z020/axi_gpio/vitiss/xgpio_tapp_example_1/_ide/bitstream/bd_axi_gpio_wrapper.bit
targets -set -nocase -filter {name =~"APU*"}
loadhw -hw E:/ZYNQ_7z020/axi_gpio/vitiss/bd_axi_gpio_wrapper/export/bd_axi_gpio_wrapper/hw/bd_axi_gpio_wrapper.xsa -mem-ranges [list {0x40000000 0xbfffffff}] -regs
configparams force-mem-access 1
targets -set -nocase -filter {name =~"APU*"}
source E:/ZYNQ_7z020/axi_gpio/vitiss/xgpio_tapp_example_1/_ide/psinit/ps7_init.tcl
ps7_init
ps7_post_config
targets -set -nocase -filter {name =~ "*A9*#0"}
dow E:/ZYNQ_7z020/axi_gpio/vitiss/xgpio_tapp_example_1/Debug/xgpio_tapp_example_1.elf
configparams force-mem-access 0
----------------End of Script----------------

11:19:46 INFO  : Context for processor 'ps7_cortexa9_0' is selected.
11:19:46 INFO  : 'con' command is executed.
11:19:46 INFO  : ----------------XSDB Script (After Launch)----------------
targets -set -nocase -filter {name =~ "*A9*#0"}
con
----------------End of Script----------------

11:19:46 INFO  : Launch script is exported to file 'E:\ZYNQ_7z020\axi_gpio\vitiss\xgpio_tapp_example_1_system\_ide\scripts\systemdebugger_xgpio_tapp_example_1_system_standalone.tcl'
11:21:01 INFO  : Checking for BSP changes to sync application flags for project 'xgpio_tapp_example_1'...
11:21:29 INFO  : Disconnected from the channel tcfchan#11.
11:21:29 INFO  : Connected to target on host '127.0.0.1' and port '3121'.
11:21:29 INFO  : Jtag cable 'Digilent JTAG-HS1 210512180081' is selected.
11:21:29 INFO  : 'jtag frequency' command is executed.
11:21:29 INFO  : Context for 'APU' is selected.
11:21:29 INFO  : System reset is completed.
11:21:32 INFO  : 'after 3000' command is executed.
11:21:32 INFO  : 'targets -set -filter {jtag_cable_name =~ "Digilent JTAG-HS1 210512180081" && level==0 && jtag_device_ctx=="jsn-JTAG-HS1-210512180081-23727093-0"}' command is executed.
11:21:36 INFO  : Device configured successfully with "E:/ZYNQ_7z020/axi_gpio/vitiss/xgpio_tapp_example_1/_ide/bitstream/bd_axi_gpio_wrapper.bit"
11:21:36 INFO  : Context for 'APU' is selected.
11:21:36 INFO  : Hardware design and registers information is loaded from 'E:/ZYNQ_7z020/axi_gpio/vitiss/bd_axi_gpio_wrapper/export/bd_axi_gpio_wrapper/hw/bd_axi_gpio_wrapper.xsa'.
11:21:36 INFO  : 'configparams force-mem-access 1' command is executed.
11:21:36 INFO  : Context for 'APU' is selected.
11:21:36 INFO  : Sourcing of 'E:/ZYNQ_7z020/axi_gpio/vitiss/xgpio_tapp_example_1/_ide/psinit/ps7_init.tcl' is done.
11:21:36 INFO  : 'ps7_init' command is executed.
11:21:36 INFO  : 'ps7_post_config' command is executed.
11:21:36 INFO  : Context for processor 'ps7_cortexa9_0' is selected.
11:21:36 INFO  : The application 'E:/ZYNQ_7z020/axi_gpio/vitiss/xgpio_tapp_example_1/Debug/xgpio_tapp_example_1.elf' is downloaded to processor 'ps7_cortexa9_0'.
11:21:36 INFO  : 'configparams force-mem-access 0' command is executed.
11:21:36 INFO  : ----------------XSDB Script----------------
connect -url tcp:127.0.0.1:3121
targets -set -nocase -filter {name =~"APU*"}
rst -system
after 3000
targets -set -filter {jtag_cable_name =~ "Digilent JTAG-HS1 210512180081" && level==0 && jtag_device_ctx=="jsn-JTAG-HS1-210512180081-23727093-0"}
fpga -file E:/ZYNQ_7z020/axi_gpio/vitiss/xgpio_tapp_example_1/_ide/bitstream/bd_axi_gpio_wrapper.bit
targets -set -nocase -filter {name =~"APU*"}
loadhw -hw E:/ZYNQ_7z020/axi_gpio/vitiss/bd_axi_gpio_wrapper/export/bd_axi_gpio_wrapper/hw/bd_axi_gpio_wrapper.xsa -mem-ranges [list {0x40000000 0xbfffffff}] -regs
configparams force-mem-access 1
targets -set -nocase -filter {name =~"APU*"}
source E:/ZYNQ_7z020/axi_gpio/vitiss/xgpio_tapp_example_1/_ide/psinit/ps7_init.tcl
ps7_init
ps7_post_config
targets -set -nocase -filter {name =~ "*A9*#0"}
dow E:/ZYNQ_7z020/axi_gpio/vitiss/xgpio_tapp_example_1/Debug/xgpio_tapp_example_1.elf
configparams force-mem-access 0
----------------End of Script----------------

11:21:36 INFO  : Context for processor 'ps7_cortexa9_0' is selected.
11:21:36 INFO  : 'con' command is executed.
11:21:36 INFO  : ----------------XSDB Script (After Launch)----------------
targets -set -nocase -filter {name =~ "*A9*#0"}
con
----------------End of Script----------------

11:21:36 INFO  : Launch script is exported to file 'E:\ZYNQ_7z020\axi_gpio\vitiss\xgpio_tapp_example_1_system\_ide\scripts\systemdebugger_xgpio_tapp_example_1_system_standalone.tcl'
11:21:56 INFO  : Checking for BSP changes to sync application flags for project 'xgpio_tapp_example_1'...
11:22:20 INFO  : Disconnected from the channel tcfchan#13.
11:22:20 INFO  : Connected to target on host '127.0.0.1' and port '3121'.
11:22:21 INFO  : Jtag cable 'Digilent JTAG-HS1 210512180081' is selected.
11:22:21 INFO  : 'jtag frequency' command is executed.
11:22:21 INFO  : Context for 'APU' is selected.
11:22:21 INFO  : System reset is completed.
11:22:24 INFO  : 'after 3000' command is executed.
11:22:24 INFO  : 'targets -set -filter {jtag_cable_name =~ "Digilent JTAG-HS1 210512180081" && level==0 && jtag_device_ctx=="jsn-JTAG-HS1-210512180081-23727093-0"}' command is executed.
11:22:27 INFO  : Device configured successfully with "E:/ZYNQ_7z020/axi_gpio/vitiss/xgpio_tapp_example_1/_ide/bitstream/bd_axi_gpio_wrapper.bit"
11:22:27 INFO  : Context for 'APU' is selected.
11:22:27 INFO  : Hardware design and registers information is loaded from 'E:/ZYNQ_7z020/axi_gpio/vitiss/bd_axi_gpio_wrapper/export/bd_axi_gpio_wrapper/hw/bd_axi_gpio_wrapper.xsa'.
11:22:27 INFO  : 'configparams force-mem-access 1' command is executed.
11:22:27 INFO  : Context for 'APU' is selected.
11:22:27 INFO  : Sourcing of 'E:/ZYNQ_7z020/axi_gpio/vitiss/xgpio_tapp_example_1/_ide/psinit/ps7_init.tcl' is done.
11:22:28 INFO  : 'ps7_init' command is executed.
11:22:28 INFO  : 'ps7_post_config' command is executed.
11:22:28 INFO  : Context for processor 'ps7_cortexa9_0' is selected.
11:22:28 INFO  : The application 'E:/ZYNQ_7z020/axi_gpio/vitiss/xgpio_tapp_example_1/Debug/xgpio_tapp_example_1.elf' is downloaded to processor 'ps7_cortexa9_0'.
11:22:28 INFO  : 'configparams force-mem-access 0' command is executed.
11:22:28 INFO  : ----------------XSDB Script----------------
connect -url tcp:127.0.0.1:3121
targets -set -nocase -filter {name =~"APU*"}
rst -system
after 3000
targets -set -filter {jtag_cable_name =~ "Digilent JTAG-HS1 210512180081" && level==0 && jtag_device_ctx=="jsn-JTAG-HS1-210512180081-23727093-0"}
fpga -file E:/ZYNQ_7z020/axi_gpio/vitiss/xgpio_tapp_example_1/_ide/bitstream/bd_axi_gpio_wrapper.bit
targets -set -nocase -filter {name =~"APU*"}
loadhw -hw E:/ZYNQ_7z020/axi_gpio/vitiss/bd_axi_gpio_wrapper/export/bd_axi_gpio_wrapper/hw/bd_axi_gpio_wrapper.xsa -mem-ranges [list {0x40000000 0xbfffffff}] -regs
configparams force-mem-access 1
targets -set -nocase -filter {name =~"APU*"}
source E:/ZYNQ_7z020/axi_gpio/vitiss/xgpio_tapp_example_1/_ide/psinit/ps7_init.tcl
ps7_init
ps7_post_config
targets -set -nocase -filter {name =~ "*A9*#0"}
dow E:/ZYNQ_7z020/axi_gpio/vitiss/xgpio_tapp_example_1/Debug/xgpio_tapp_example_1.elf
configparams force-mem-access 0
----------------End of Script----------------

11:22:28 INFO  : Context for processor 'ps7_cortexa9_0' is selected.
11:22:28 INFO  : 'con' command is executed.
11:22:28 INFO  : ----------------XSDB Script (After Launch)----------------
targets -set -nocase -filter {name =~ "*A9*#0"}
con
----------------End of Script----------------

11:22:28 INFO  : Launch script is exported to file 'E:\ZYNQ_7z020\axi_gpio\vitiss\xgpio_tapp_example_1_system\_ide\scripts\systemdebugger_xgpio_tapp_example_1_system_standalone.tcl'
11:36:09 INFO  : Checking for BSP changes to sync application flags for project 'xgpio_tapp_example_1'...
11:36:52 INFO  : Disconnected from the channel tcfchan#15.
11:36:52 INFO  : Connected to target on host '127.0.0.1' and port '3121'.
11:36:53 INFO  : Jtag cable 'Digilent JTAG-HS1 210512180081' is selected.
11:36:53 INFO  : 'jtag frequency' command is executed.
11:36:53 INFO  : Context for 'APU' is selected.
11:36:53 INFO  : System reset is completed.
11:36:56 INFO  : 'after 3000' command is executed.
11:36:56 INFO  : 'targets -set -filter {jtag_cable_name =~ "Digilent JTAG-HS1 210512180081" && level==0 && jtag_device_ctx=="jsn-JTAG-HS1-210512180081-23727093-0"}' command is executed.
11:36:59 INFO  : Device configured successfully with "E:/ZYNQ_7z020/axi_gpio/vitiss/xgpio_tapp_example_1/_ide/bitstream/bd_axi_gpio_wrapper.bit"
11:36:59 INFO  : Context for 'APU' is selected.
11:36:59 INFO  : Hardware design and registers information is loaded from 'E:/ZYNQ_7z020/axi_gpio/vitiss/bd_axi_gpio_wrapper/export/bd_axi_gpio_wrapper/hw/bd_axi_gpio_wrapper.xsa'.
11:36:59 INFO  : 'configparams force-mem-access 1' command is executed.
11:36:59 INFO  : Context for 'APU' is selected.
11:37:00 INFO  : Sourcing of 'E:/ZYNQ_7z020/axi_gpio/vitiss/xgpio_tapp_example_1/_ide/psinit/ps7_init.tcl' is done.
11:37:00 INFO  : 'ps7_init' command is executed.
11:37:00 INFO  : 'ps7_post_config' command is executed.
11:37:00 INFO  : Context for processor 'ps7_cortexa9_0' is selected.
11:37:00 INFO  : The application 'E:/ZYNQ_7z020/axi_gpio/vitiss/xgpio_tapp_example_1/Debug/xgpio_tapp_example_1.elf' is downloaded to processor 'ps7_cortexa9_0'.
11:37:00 INFO  : 'configparams force-mem-access 0' command is executed.
11:37:00 INFO  : ----------------XSDB Script----------------
connect -url tcp:127.0.0.1:3121
targets -set -nocase -filter {name =~"APU*"}
rst -system
after 3000
targets -set -filter {jtag_cable_name =~ "Digilent JTAG-HS1 210512180081" && level==0 && jtag_device_ctx=="jsn-JTAG-HS1-210512180081-23727093-0"}
fpga -file E:/ZYNQ_7z020/axi_gpio/vitiss/xgpio_tapp_example_1/_ide/bitstream/bd_axi_gpio_wrapper.bit
targets -set -nocase -filter {name =~"APU*"}
loadhw -hw E:/ZYNQ_7z020/axi_gpio/vitiss/bd_axi_gpio_wrapper/export/bd_axi_gpio_wrapper/hw/bd_axi_gpio_wrapper.xsa -mem-ranges [list {0x40000000 0xbfffffff}] -regs
configparams force-mem-access 1
targets -set -nocase -filter {name =~"APU*"}
source E:/ZYNQ_7z020/axi_gpio/vitiss/xgpio_tapp_example_1/_ide/psinit/ps7_init.tcl
ps7_init
ps7_post_config
targets -set -nocase -filter {name =~ "*A9*#0"}
dow E:/ZYNQ_7z020/axi_gpio/vitiss/xgpio_tapp_example_1/Debug/xgpio_tapp_example_1.elf
configparams force-mem-access 0
----------------End of Script----------------

11:37:00 INFO  : Context for processor 'ps7_cortexa9_0' is selected.
11:37:00 INFO  : 'con' command is executed.
11:37:00 INFO  : ----------------XSDB Script (After Launch)----------------
targets -set -nocase -filter {name =~ "*A9*#0"}
con
----------------End of Script----------------

11:37:00 INFO  : Launch script is exported to file 'E:\ZYNQ_7z020\axi_gpio\vitiss\xgpio_tapp_example_1_system\_ide\scripts\systemdebugger_xgpio_tapp_example_1_system_standalone.tcl'
11:37:26 INFO  : Checking for BSP changes to sync application flags for project 'xgpio_tapp_example_1'...
11:38:06 INFO  : Disconnected from the channel tcfchan#17.
11:38:06 INFO  : Connected to target on host '127.0.0.1' and port '3121'.
11:38:06 INFO  : Jtag cable 'Digilent JTAG-HS1 210512180081' is selected.
11:38:06 INFO  : 'jtag frequency' command is executed.
11:38:06 INFO  : Context for 'APU' is selected.
11:38:06 INFO  : System reset is completed.
11:38:09 INFO  : 'after 3000' command is executed.
11:38:09 INFO  : 'targets -set -filter {jtag_cable_name =~ "Digilent JTAG-HS1 210512180081" && level==0 && jtag_device_ctx=="jsn-JTAG-HS1-210512180081-23727093-0"}' command is executed.
11:38:12 INFO  : Device configured successfully with "E:/ZYNQ_7z020/axi_gpio/vitiss/xgpio_tapp_example_1/_ide/bitstream/bd_axi_gpio_wrapper.bit"
11:38:13 INFO  : Context for 'APU' is selected.
11:38:13 INFO  : Hardware design and registers information is loaded from 'E:/ZYNQ_7z020/axi_gpio/vitiss/bd_axi_gpio_wrapper/export/bd_axi_gpio_wrapper/hw/bd_axi_gpio_wrapper.xsa'.
11:38:13 INFO  : 'configparams force-mem-access 1' command is executed.
11:38:13 INFO  : Context for 'APU' is selected.
11:38:13 INFO  : Sourcing of 'E:/ZYNQ_7z020/axi_gpio/vitiss/xgpio_tapp_example_1/_ide/psinit/ps7_init.tcl' is done.
11:38:13 INFO  : 'ps7_init' command is executed.
11:38:13 INFO  : 'ps7_post_config' command is executed.
11:38:13 INFO  : Context for processor 'ps7_cortexa9_0' is selected.
11:38:13 INFO  : The application 'E:/ZYNQ_7z020/axi_gpio/vitiss/xgpio_tapp_example_1/Debug/xgpio_tapp_example_1.elf' is downloaded to processor 'ps7_cortexa9_0'.
11:38:13 INFO  : 'configparams force-mem-access 0' command is executed.
11:38:13 INFO  : ----------------XSDB Script----------------
connect -url tcp:127.0.0.1:3121
targets -set -nocase -filter {name =~"APU*"}
rst -system
after 3000
targets -set -filter {jtag_cable_name =~ "Digilent JTAG-HS1 210512180081" && level==0 && jtag_device_ctx=="jsn-JTAG-HS1-210512180081-23727093-0"}
fpga -file E:/ZYNQ_7z020/axi_gpio/vitiss/xgpio_tapp_example_1/_ide/bitstream/bd_axi_gpio_wrapper.bit
targets -set -nocase -filter {name =~"APU*"}
loadhw -hw E:/ZYNQ_7z020/axi_gpio/vitiss/bd_axi_gpio_wrapper/export/bd_axi_gpio_wrapper/hw/bd_axi_gpio_wrapper.xsa -mem-ranges [list {0x40000000 0xbfffffff}] -regs
configparams force-mem-access 1
targets -set -nocase -filter {name =~"APU*"}
source E:/ZYNQ_7z020/axi_gpio/vitiss/xgpio_tapp_example_1/_ide/psinit/ps7_init.tcl
ps7_init
ps7_post_config
targets -set -nocase -filter {name =~ "*A9*#0"}
dow E:/ZYNQ_7z020/axi_gpio/vitiss/xgpio_tapp_example_1/Debug/xgpio_tapp_example_1.elf
configparams force-mem-access 0
----------------End of Script----------------

11:38:13 INFO  : Context for processor 'ps7_cortexa9_0' is selected.
11:38:13 INFO  : 'con' command is executed.
11:38:13 INFO  : ----------------XSDB Script (After Launch)----------------
targets -set -nocase -filter {name =~ "*A9*#0"}
con
----------------End of Script----------------

11:38:13 INFO  : Launch script is exported to file 'E:\ZYNQ_7z020\axi_gpio\vitiss\xgpio_tapp_example_1_system\_ide\scripts\systemdebugger_xgpio_tapp_example_1_system_standalone.tcl'
11:38:44 INFO  : Checking for BSP changes to sync application flags for project 'xgpio_tapp_example_1'...
11:39:11 INFO  : Disconnected from the channel tcfchan#19.
11:39:11 INFO  : Connected to target on host '127.0.0.1' and port '3121'.
11:39:12 INFO  : Jtag cable 'Digilent JTAG-HS1 210512180081' is selected.
11:39:12 INFO  : 'jtag frequency' command is executed.
11:39:12 INFO  : Context for 'APU' is selected.
11:39:12 INFO  : System reset is completed.
11:39:15 INFO  : 'after 3000' command is executed.
11:39:15 INFO  : 'targets -set -filter {jtag_cable_name =~ "Digilent JTAG-HS1 210512180081" && level==0 && jtag_device_ctx=="jsn-JTAG-HS1-210512180081-23727093-0"}' command is executed.
11:39:18 INFO  : Device configured successfully with "E:/ZYNQ_7z020/axi_gpio/vitiss/xgpio_tapp_example_1/_ide/bitstream/bd_axi_gpio_wrapper.bit"
11:39:18 INFO  : Context for 'APU' is selected.
11:39:18 INFO  : Hardware design and registers information is loaded from 'E:/ZYNQ_7z020/axi_gpio/vitiss/bd_axi_gpio_wrapper/export/bd_axi_gpio_wrapper/hw/bd_axi_gpio_wrapper.xsa'.
11:39:18 INFO  : 'configparams force-mem-access 1' command is executed.
11:39:18 INFO  : Context for 'APU' is selected.
11:39:18 INFO  : Sourcing of 'E:/ZYNQ_7z020/axi_gpio/vitiss/xgpio_tapp_example_1/_ide/psinit/ps7_init.tcl' is done.
11:39:19 INFO  : 'ps7_init' command is executed.
11:39:19 INFO  : 'ps7_post_config' command is executed.
11:39:19 INFO  : Context for processor 'ps7_cortexa9_0' is selected.
11:39:19 INFO  : The application 'E:/ZYNQ_7z020/axi_gpio/vitiss/xgpio_tapp_example_1/Debug/xgpio_tapp_example_1.elf' is downloaded to processor 'ps7_cortexa9_0'.
11:39:19 INFO  : 'configparams force-mem-access 0' command is executed.
11:39:19 INFO  : ----------------XSDB Script----------------
connect -url tcp:127.0.0.1:3121
targets -set -nocase -filter {name =~"APU*"}
rst -system
after 3000
targets -set -filter {jtag_cable_name =~ "Digilent JTAG-HS1 210512180081" && level==0 && jtag_device_ctx=="jsn-JTAG-HS1-210512180081-23727093-0"}
fpga -file E:/ZYNQ_7z020/axi_gpio/vitiss/xgpio_tapp_example_1/_ide/bitstream/bd_axi_gpio_wrapper.bit
targets -set -nocase -filter {name =~"APU*"}
loadhw -hw E:/ZYNQ_7z020/axi_gpio/vitiss/bd_axi_gpio_wrapper/export/bd_axi_gpio_wrapper/hw/bd_axi_gpio_wrapper.xsa -mem-ranges [list {0x40000000 0xbfffffff}] -regs
configparams force-mem-access 1
targets -set -nocase -filter {name =~"APU*"}
source E:/ZYNQ_7z020/axi_gpio/vitiss/xgpio_tapp_example_1/_ide/psinit/ps7_init.tcl
ps7_init
ps7_post_config
targets -set -nocase -filter {name =~ "*A9*#0"}
dow E:/ZYNQ_7z020/axi_gpio/vitiss/xgpio_tapp_example_1/Debug/xgpio_tapp_example_1.elf
configparams force-mem-access 0
----------------End of Script----------------

11:39:19 INFO  : Context for processor 'ps7_cortexa9_0' is selected.
11:39:19 INFO  : 'con' command is executed.
11:39:19 INFO  : ----------------XSDB Script (After Launch)----------------
targets -set -nocase -filter {name =~ "*A9*#0"}
con
----------------End of Script----------------

11:39:19 INFO  : Launch script is exported to file 'E:\ZYNQ_7z020\axi_gpio\vitiss\xgpio_tapp_example_1_system\_ide\scripts\systemdebugger_xgpio_tapp_example_1_system_standalone.tcl'
11:42:03 INFO  : Disconnected from the channel tcfchan#21.
11:42:03 INFO  : Connected to target on host '127.0.0.1' and port '3121'.
11:42:03 INFO  : Jtag cable 'Digilent JTAG-HS1 210512180081' is selected.
11:42:03 INFO  : 'jtag frequency' command is executed.
11:42:03 INFO  : Context for 'APU' is selected.
11:42:03 INFO  : System reset is completed.
11:42:06 INFO  : 'after 3000' command is executed.
11:42:06 INFO  : 'targets -set -filter {jtag_cable_name =~ "Digilent JTAG-HS1 210512180081" && level==0 && jtag_device_ctx=="jsn-JTAG-HS1-210512180081-23727093-0"}' command is executed.
11:42:10 INFO  : Device configured successfully with "E:/ZYNQ_7z020/axi_gpio/vitiss/xgpio_tapp_example_1/_ide/bitstream/bd_axi_gpio_wrapper.bit"
11:42:10 INFO  : Context for 'APU' is selected.
11:42:10 INFO  : Hardware design and registers information is loaded from 'E:/ZYNQ_7z020/axi_gpio/vitiss/bd_axi_gpio_wrapper/export/bd_axi_gpio_wrapper/hw/bd_axi_gpio_wrapper.xsa'.
11:42:10 INFO  : 'configparams force-mem-access 1' command is executed.
11:42:10 INFO  : Context for 'APU' is selected.
11:42:10 INFO  : Sourcing of 'E:/ZYNQ_7z020/axi_gpio/vitiss/xgpio_tapp_example_1/_ide/psinit/ps7_init.tcl' is done.
11:42:10 INFO  : 'ps7_init' command is executed.
11:42:10 INFO  : 'ps7_post_config' command is executed.
11:42:10 INFO  : Context for processor 'ps7_cortexa9_0' is selected.
11:42:10 INFO  : The application 'E:/ZYNQ_7z020/axi_gpio/vitiss/xgpio_tapp_example_1/Debug/xgpio_tapp_example_1.elf' is downloaded to processor 'ps7_cortexa9_0'.
11:42:10 INFO  : 'configparams force-mem-access 0' command is executed.
11:42:10 INFO  : ----------------XSDB Script----------------
connect -url tcp:127.0.0.1:3121
targets -set -nocase -filter {name =~"APU*"}
rst -system
after 3000
targets -set -filter {jtag_cable_name =~ "Digilent JTAG-HS1 210512180081" && level==0 && jtag_device_ctx=="jsn-JTAG-HS1-210512180081-23727093-0"}
fpga -file E:/ZYNQ_7z020/axi_gpio/vitiss/xgpio_tapp_example_1/_ide/bitstream/bd_axi_gpio_wrapper.bit
targets -set -nocase -filter {name =~"APU*"}
loadhw -hw E:/ZYNQ_7z020/axi_gpio/vitiss/bd_axi_gpio_wrapper/export/bd_axi_gpio_wrapper/hw/bd_axi_gpio_wrapper.xsa -mem-ranges [list {0x40000000 0xbfffffff}] -regs
configparams force-mem-access 1
targets -set -nocase -filter {name =~"APU*"}
source E:/ZYNQ_7z020/axi_gpio/vitiss/xgpio_tapp_example_1/_ide/psinit/ps7_init.tcl
ps7_init
ps7_post_config
targets -set -nocase -filter {name =~ "*A9*#0"}
dow E:/ZYNQ_7z020/axi_gpio/vitiss/xgpio_tapp_example_1/Debug/xgpio_tapp_example_1.elf
configparams force-mem-access 0
----------------End of Script----------------

11:42:11 INFO  : Context for processor 'ps7_cortexa9_0' is selected.
11:42:11 INFO  : 'con' command is executed.
11:42:11 INFO  : ----------------XSDB Script (After Launch)----------------
targets -set -nocase -filter {name =~ "*A9*#0"}
con
----------------End of Script----------------

11:42:11 INFO  : Launch script is exported to file 'E:\ZYNQ_7z020\axi_gpio\vitiss\xgpio_tapp_example_1_system\_ide\scripts\systemdebugger_xgpio_tapp_example_1_system_standalone.tcl'
11:50:19 INFO  : Disconnected from the channel tcfchan#22.
11:50:19 INFO  : Connected to target on host '127.0.0.1' and port '3121'.
11:50:19 INFO  : Jtag cable 'Digilent JTAG-HS1 210512180081' is selected.
11:50:19 INFO  : 'jtag frequency' command is executed.
11:50:19 INFO  : Context for 'APU' is selected.
11:50:19 INFO  : System reset is completed.
11:50:23 INFO  : 'after 3000' command is executed.
11:50:23 INFO  : 'targets -set -filter {jtag_cable_name =~ "Digilent JTAG-HS1 210512180081" && level==0 && jtag_device_ctx=="jsn-JTAG-HS1-210512180081-23727093-0"}' command is executed.
11:50:26 INFO  : Device configured successfully with "E:/ZYNQ_7z020/axi_gpio/vitiss/xgpio_tapp_example_1/_ide/bitstream/bd_axi_gpio_wrapper.bit"
11:50:26 INFO  : Context for 'APU' is selected.
11:50:26 INFO  : Hardware design and registers information is loaded from 'E:/ZYNQ_7z020/axi_gpio/vitiss/bd_axi_gpio_wrapper/export/bd_axi_gpio_wrapper/hw/bd_axi_gpio_wrapper.xsa'.
11:50:26 INFO  : 'configparams force-mem-access 1' command is executed.
11:50:26 INFO  : Context for 'APU' is selected.
11:50:26 INFO  : Sourcing of 'E:/ZYNQ_7z020/axi_gpio/vitiss/xgpio_tapp_example_1/_ide/psinit/ps7_init.tcl' is done.
11:50:26 INFO  : 'ps7_init' command is executed.
11:50:26 INFO  : 'ps7_post_config' command is executed.
11:50:26 INFO  : Context for processor 'ps7_cortexa9_0' is selected.
11:50:27 INFO  : The application 'E:/ZYNQ_7z020/axi_gpio/vitiss/xgpio_tapp_example_1/Debug/xgpio_tapp_example_1.elf' is downloaded to processor 'ps7_cortexa9_0'.
11:50:27 INFO  : 'configparams force-mem-access 0' command is executed.
11:50:27 INFO  : ----------------XSDB Script----------------
connect -url tcp:127.0.0.1:3121
targets -set -nocase -filter {name =~"APU*"}
rst -system
after 3000
targets -set -filter {jtag_cable_name =~ "Digilent JTAG-HS1 210512180081" && level==0 && jtag_device_ctx=="jsn-JTAG-HS1-210512180081-23727093-0"}
fpga -file E:/ZYNQ_7z020/axi_gpio/vitiss/xgpio_tapp_example_1/_ide/bitstream/bd_axi_gpio_wrapper.bit
targets -set -nocase -filter {name =~"APU*"}
loadhw -hw E:/ZYNQ_7z020/axi_gpio/vitiss/bd_axi_gpio_wrapper/export/bd_axi_gpio_wrapper/hw/bd_axi_gpio_wrapper.xsa -mem-ranges [list {0x40000000 0xbfffffff}] -regs
configparams force-mem-access 1
targets -set -nocase -filter {name =~"APU*"}
source E:/ZYNQ_7z020/axi_gpio/vitiss/xgpio_tapp_example_1/_ide/psinit/ps7_init.tcl
ps7_init
ps7_post_config
targets -set -nocase -filter {name =~ "*A9*#0"}
dow E:/ZYNQ_7z020/axi_gpio/vitiss/xgpio_tapp_example_1/Debug/xgpio_tapp_example_1.elf
configparams force-mem-access 0
----------------End of Script----------------

11:50:27 INFO  : Context for processor 'ps7_cortexa9_0' is selected.
11:50:27 INFO  : 'con' command is executed.
11:50:27 INFO  : ----------------XSDB Script (After Launch)----------------
targets -set -nocase -filter {name =~ "*A9*#0"}
con
----------------End of Script----------------

11:50:27 INFO  : Launch script is exported to file 'E:\ZYNQ_7z020\axi_gpio\vitiss\xgpio_tapp_example_1_system\_ide\scripts\systemdebugger_xgpio_tapp_example_1_system_standalone.tcl'
11:54:19 INFO  : Checking for BSP changes to sync application flags for project 'xgpio_tapp_example_1'...
11:56:13 INFO  : Checking for BSP changes to sync application flags for project 'xgpio_tapp_example_1'...
11:56:47 INFO  : Disconnected from the channel tcfchan#23.
11:56:47 INFO  : Connected to target on host '127.0.0.1' and port '3121'.
11:56:47 INFO  : Jtag cable 'Digilent JTAG-HS1 210512180081' is selected.
11:56:47 INFO  : 'jtag frequency' command is executed.
11:56:47 INFO  : Context for 'APU' is selected.
11:56:47 INFO  : System reset is completed.
11:56:50 INFO  : 'after 3000' command is executed.
11:56:50 INFO  : 'targets -set -filter {jtag_cable_name =~ "Digilent JTAG-HS1 210512180081" && level==0 && jtag_device_ctx=="jsn-JTAG-HS1-210512180081-23727093-0"}' command is executed.
11:56:54 INFO  : Device configured successfully with "E:/ZYNQ_7z020/axi_gpio/vitiss/xgpio_tapp_example_1/_ide/bitstream/bd_axi_gpio_wrapper.bit"
11:56:54 INFO  : Context for 'APU' is selected.
11:56:54 INFO  : Hardware design and registers information is loaded from 'E:/ZYNQ_7z020/axi_gpio/vitiss/bd_axi_gpio_wrapper/export/bd_axi_gpio_wrapper/hw/bd_axi_gpio_wrapper.xsa'.
11:56:54 INFO  : 'configparams force-mem-access 1' command is executed.
11:56:54 INFO  : Context for 'APU' is selected.
11:56:54 INFO  : Sourcing of 'E:/ZYNQ_7z020/axi_gpio/vitiss/xgpio_tapp_example_1/_ide/psinit/ps7_init.tcl' is done.
11:56:54 INFO  : 'ps7_init' command is executed.
11:56:54 INFO  : 'ps7_post_config' command is executed.
11:56:54 INFO  : Context for processor 'ps7_cortexa9_0' is selected.
11:56:54 INFO  : The application 'E:/ZYNQ_7z020/axi_gpio/vitiss/xgpio_tapp_example_1/Debug/xgpio_tapp_example_1.elf' is downloaded to processor 'ps7_cortexa9_0'.
11:56:54 INFO  : 'configparams force-mem-access 0' command is executed.
11:56:54 INFO  : ----------------XSDB Script----------------
connect -url tcp:127.0.0.1:3121
targets -set -nocase -filter {name =~"APU*"}
rst -system
after 3000
targets -set -filter {jtag_cable_name =~ "Digilent JTAG-HS1 210512180081" && level==0 && jtag_device_ctx=="jsn-JTAG-HS1-210512180081-23727093-0"}
fpga -file E:/ZYNQ_7z020/axi_gpio/vitiss/xgpio_tapp_example_1/_ide/bitstream/bd_axi_gpio_wrapper.bit
targets -set -nocase -filter {name =~"APU*"}
loadhw -hw E:/ZYNQ_7z020/axi_gpio/vitiss/bd_axi_gpio_wrapper/export/bd_axi_gpio_wrapper/hw/bd_axi_gpio_wrapper.xsa -mem-ranges [list {0x40000000 0xbfffffff}] -regs
configparams force-mem-access 1
targets -set -nocase -filter {name =~"APU*"}
source E:/ZYNQ_7z020/axi_gpio/vitiss/xgpio_tapp_example_1/_ide/psinit/ps7_init.tcl
ps7_init
ps7_post_config
targets -set -nocase -filter {name =~ "*A9*#0"}
dow E:/ZYNQ_7z020/axi_gpio/vitiss/xgpio_tapp_example_1/Debug/xgpio_tapp_example_1.elf
configparams force-mem-access 0
----------------End of Script----------------

11:56:54 INFO  : Context for processor 'ps7_cortexa9_0' is selected.
11:56:54 INFO  : 'con' command is executed.
11:56:54 INFO  : ----------------XSDB Script (After Launch)----------------
targets -set -nocase -filter {name =~ "*A9*#0"}
con
----------------End of Script----------------

11:56:54 INFO  : Launch script is exported to file 'E:\ZYNQ_7z020\axi_gpio\vitiss\xgpio_tapp_example_1_system\_ide\scripts\systemdebugger_xgpio_tapp_example_1_system_standalone.tcl'
12:15:02 INFO  : Checking for BSP changes to sync application flags for project 'xgpio_example_1'...
12:15:33 INFO  : Disconnected from the channel tcfchan#26.
12:15:34 INFO  : Connected to target on host '127.0.0.1' and port '3121'.
12:15:35 INFO  : Jtag cable 'Digilent JTAG-HS1 210512180081' is selected.
12:15:35 INFO  : 'jtag frequency' command is executed.
12:15:35 INFO  : Context for 'APU' is selected.
12:15:35 INFO  : System reset is completed.
12:15:38 INFO  : 'after 3000' command is executed.
12:15:38 INFO  : 'targets -set -filter {jtag_cable_name =~ "Digilent JTAG-HS1 210512180081" && level==0 && jtag_device_ctx=="jsn-JTAG-HS1-210512180081-23727093-0"}' command is executed.
12:15:41 INFO  : Device configured successfully with "E:/ZYNQ_7z020/axi_gpio/vitiss/xgpio_example_1/_ide/bitstream/bd_axi_gpio_wrapper.bit"
12:15:41 INFO  : Context for 'APU' is selected.
12:15:41 INFO  : Hardware design and registers information is loaded from 'E:/ZYNQ_7z020/axi_gpio/vitiss/bd_axi_gpio_wrapper/export/bd_axi_gpio_wrapper/hw/bd_axi_gpio_wrapper.xsa'.
12:15:41 INFO  : 'configparams force-mem-access 1' command is executed.
12:15:41 INFO  : Context for 'APU' is selected.
12:15:41 INFO  : Sourcing of 'E:/ZYNQ_7z020/axi_gpio/vitiss/xgpio_example_1/_ide/psinit/ps7_init.tcl' is done.
12:15:42 INFO  : 'ps7_init' command is executed.
12:15:42 INFO  : 'ps7_post_config' command is executed.
12:15:42 INFO  : Context for processor 'ps7_cortexa9_0' is selected.
12:15:42 INFO  : The application 'E:/ZYNQ_7z020/axi_gpio/vitiss/xgpio_example_1/Debug/xgpio_example_1.elf' is downloaded to processor 'ps7_cortexa9_0'.
12:15:42 INFO  : 'configparams force-mem-access 0' command is executed.
12:15:42 INFO  : ----------------XSDB Script----------------
connect -url tcp:127.0.0.1:3121
targets -set -nocase -filter {name =~"APU*"}
rst -system
after 3000
targets -set -filter {jtag_cable_name =~ "Digilent JTAG-HS1 210512180081" && level==0 && jtag_device_ctx=="jsn-JTAG-HS1-210512180081-23727093-0"}
fpga -file E:/ZYNQ_7z020/axi_gpio/vitiss/xgpio_example_1/_ide/bitstream/bd_axi_gpio_wrapper.bit
targets -set -nocase -filter {name =~"APU*"}
loadhw -hw E:/ZYNQ_7z020/axi_gpio/vitiss/bd_axi_gpio_wrapper/export/bd_axi_gpio_wrapper/hw/bd_axi_gpio_wrapper.xsa -mem-ranges [list {0x40000000 0xbfffffff}] -regs
configparams force-mem-access 1
targets -set -nocase -filter {name =~"APU*"}
source E:/ZYNQ_7z020/axi_gpio/vitiss/xgpio_example_1/_ide/psinit/ps7_init.tcl
ps7_init
ps7_post_config
targets -set -nocase -filter {name =~ "*A9*#0"}
dow E:/ZYNQ_7z020/axi_gpio/vitiss/xgpio_example_1/Debug/xgpio_example_1.elf
configparams force-mem-access 0
----------------End of Script----------------

12:15:42 INFO  : Context for processor 'ps7_cortexa9_0' is selected.
12:15:42 INFO  : 'con' command is executed.
12:15:42 INFO  : ----------------XSDB Script (After Launch)----------------
targets -set -nocase -filter {name =~ "*A9*#0"}
con
----------------End of Script----------------

12:15:42 INFO  : Launch script is exported to file 'E:\ZYNQ_7z020\axi_gpio\vitiss\xgpio_example_1_system\_ide\scripts\systemdebugger_xgpio_example_1_system_standalone.tcl'
12:17:06 INFO  : Checking for BSP changes to sync application flags for project 'xgpio_example_1'...
12:17:29 INFO  : Disconnected from the channel tcfchan#28.
12:17:29 INFO  : Connected to target on host '127.0.0.1' and port '3121'.
12:17:30 INFO  : Jtag cable 'Digilent JTAG-HS1 210512180081' is selected.
12:17:30 INFO  : 'jtag frequency' command is executed.
12:17:30 INFO  : Context for 'APU' is selected.
12:17:30 INFO  : System reset is completed.
12:17:33 INFO  : 'after 3000' command is executed.
12:17:33 INFO  : 'targets -set -filter {jtag_cable_name =~ "Digilent JTAG-HS1 210512180081" && level==0 && jtag_device_ctx=="jsn-JTAG-HS1-210512180081-23727093-0"}' command is executed.
12:17:36 INFO  : Device configured successfully with "E:/ZYNQ_7z020/axi_gpio/vitiss/xgpio_example_1/_ide/bitstream/bd_axi_gpio_wrapper.bit"
12:17:36 INFO  : Context for 'APU' is selected.
12:17:36 INFO  : Hardware design and registers information is loaded from 'E:/ZYNQ_7z020/axi_gpio/vitiss/bd_axi_gpio_wrapper/export/bd_axi_gpio_wrapper/hw/bd_axi_gpio_wrapper.xsa'.
12:17:36 INFO  : 'configparams force-mem-access 1' command is executed.
12:17:36 INFO  : Context for 'APU' is selected.
12:17:36 INFO  : Sourcing of 'E:/ZYNQ_7z020/axi_gpio/vitiss/xgpio_example_1/_ide/psinit/ps7_init.tcl' is done.
12:17:37 INFO  : 'ps7_init' command is executed.
12:17:37 INFO  : 'ps7_post_config' command is executed.
12:17:37 INFO  : Context for processor 'ps7_cortexa9_0' is selected.
12:17:37 INFO  : The application 'E:/ZYNQ_7z020/axi_gpio/vitiss/xgpio_example_1/Debug/xgpio_example_1.elf' is downloaded to processor 'ps7_cortexa9_0'.
12:17:37 INFO  : 'configparams force-mem-access 0' command is executed.
12:17:37 INFO  : ----------------XSDB Script----------------
connect -url tcp:127.0.0.1:3121
targets -set -nocase -filter {name =~"APU*"}
rst -system
after 3000
targets -set -filter {jtag_cable_name =~ "Digilent JTAG-HS1 210512180081" && level==0 && jtag_device_ctx=="jsn-JTAG-HS1-210512180081-23727093-0"}
fpga -file E:/ZYNQ_7z020/axi_gpio/vitiss/xgpio_example_1/_ide/bitstream/bd_axi_gpio_wrapper.bit
targets -set -nocase -filter {name =~"APU*"}
loadhw -hw E:/ZYNQ_7z020/axi_gpio/vitiss/bd_axi_gpio_wrapper/export/bd_axi_gpio_wrapper/hw/bd_axi_gpio_wrapper.xsa -mem-ranges [list {0x40000000 0xbfffffff}] -regs
configparams force-mem-access 1
targets -set -nocase -filter {name =~"APU*"}
source E:/ZYNQ_7z020/axi_gpio/vitiss/xgpio_example_1/_ide/psinit/ps7_init.tcl
ps7_init
ps7_post_config
targets -set -nocase -filter {name =~ "*A9*#0"}
dow E:/ZYNQ_7z020/axi_gpio/vitiss/xgpio_example_1/Debug/xgpio_example_1.elf
configparams force-mem-access 0
----------------End of Script----------------

12:17:37 INFO  : Context for processor 'ps7_cortexa9_0' is selected.
12:17:37 INFO  : 'con' command is executed.
12:17:37 INFO  : ----------------XSDB Script (After Launch)----------------
targets -set -nocase -filter {name =~ "*A9*#0"}
con
----------------End of Script----------------

12:17:37 INFO  : Launch script is exported to file 'E:\ZYNQ_7z020\axi_gpio\vitiss\xgpio_example_1_system\_ide\scripts\systemdebugger_xgpio_example_1_system_standalone.tcl'
12:19:27 INFO  : Checking for BSP changes to sync application flags for project 'xgpio_example_1'...
12:19:51 INFO  : Disconnected from the channel tcfchan#30.
12:19:51 INFO  : Connected to target on host '127.0.0.1' and port '3121'.
12:19:52 INFO  : Jtag cable 'Digilent JTAG-HS1 210512180081' is selected.
12:19:52 INFO  : 'jtag frequency' command is executed.
12:19:52 INFO  : Context for 'APU' is selected.
12:19:52 INFO  : System reset is completed.
12:19:55 INFO  : 'after 3000' command is executed.
12:19:55 INFO  : 'targets -set -filter {jtag_cable_name =~ "Digilent JTAG-HS1 210512180081" && level==0 && jtag_device_ctx=="jsn-JTAG-HS1-210512180081-23727093-0"}' command is executed.
12:19:58 INFO  : Device configured successfully with "E:/ZYNQ_7z020/axi_gpio/vitiss/xgpio_example_1/_ide/bitstream/bd_axi_gpio_wrapper.bit"
12:19:58 INFO  : Context for 'APU' is selected.
12:19:58 INFO  : Hardware design and registers information is loaded from 'E:/ZYNQ_7z020/axi_gpio/vitiss/bd_axi_gpio_wrapper/export/bd_axi_gpio_wrapper/hw/bd_axi_gpio_wrapper.xsa'.
12:19:58 INFO  : 'configparams force-mem-access 1' command is executed.
12:19:58 INFO  : Context for 'APU' is selected.
12:19:58 INFO  : Sourcing of 'E:/ZYNQ_7z020/axi_gpio/vitiss/xgpio_example_1/_ide/psinit/ps7_init.tcl' is done.
12:19:59 INFO  : 'ps7_init' command is executed.
12:19:59 INFO  : 'ps7_post_config' command is executed.
12:19:59 INFO  : Context for processor 'ps7_cortexa9_0' is selected.
12:19:59 INFO  : The application 'E:/ZYNQ_7z020/axi_gpio/vitiss/xgpio_example_1/Debug/xgpio_example_1.elf' is downloaded to processor 'ps7_cortexa9_0'.
12:19:59 INFO  : 'configparams force-mem-access 0' command is executed.
12:19:59 INFO  : ----------------XSDB Script----------------
connect -url tcp:127.0.0.1:3121
targets -set -nocase -filter {name =~"APU*"}
rst -system
after 3000
targets -set -filter {jtag_cable_name =~ "Digilent JTAG-HS1 210512180081" && level==0 && jtag_device_ctx=="jsn-JTAG-HS1-210512180081-23727093-0"}
fpga -file E:/ZYNQ_7z020/axi_gpio/vitiss/xgpio_example_1/_ide/bitstream/bd_axi_gpio_wrapper.bit
targets -set -nocase -filter {name =~"APU*"}
loadhw -hw E:/ZYNQ_7z020/axi_gpio/vitiss/bd_axi_gpio_wrapper/export/bd_axi_gpio_wrapper/hw/bd_axi_gpio_wrapper.xsa -mem-ranges [list {0x40000000 0xbfffffff}] -regs
configparams force-mem-access 1
targets -set -nocase -filter {name =~"APU*"}
source E:/ZYNQ_7z020/axi_gpio/vitiss/xgpio_example_1/_ide/psinit/ps7_init.tcl
ps7_init
ps7_post_config
targets -set -nocase -filter {name =~ "*A9*#0"}
dow E:/ZYNQ_7z020/axi_gpio/vitiss/xgpio_example_1/Debug/xgpio_example_1.elf
configparams force-mem-access 0
----------------End of Script----------------

12:19:59 INFO  : Context for processor 'ps7_cortexa9_0' is selected.
12:19:59 INFO  : 'con' command is executed.
12:19:59 INFO  : ----------------XSDB Script (After Launch)----------------
targets -set -nocase -filter {name =~ "*A9*#0"}
con
----------------End of Script----------------

12:19:59 INFO  : Launch script is exported to file 'E:\ZYNQ_7z020\axi_gpio\vitiss\xgpio_example_1_system\_ide\scripts\systemdebugger_xgpio_example_1_system_standalone.tcl'
12:20:11 INFO  : Checking for BSP changes to sync application flags for project 'xgpio_example_1'...
12:20:44 INFO  : Disconnected from the channel tcfchan#32.
12:20:44 INFO  : Connected to target on host '127.0.0.1' and port '3121'.
12:20:45 INFO  : Jtag cable 'Digilent JTAG-HS1 210512180081' is selected.
12:20:45 INFO  : 'jtag frequency' command is executed.
12:20:45 INFO  : Context for 'APU' is selected.
12:20:45 INFO  : System reset is completed.
12:20:48 INFO  : 'after 3000' command is executed.
12:20:48 INFO  : 'targets -set -filter {jtag_cable_name =~ "Digilent JTAG-HS1 210512180081" && level==0 && jtag_device_ctx=="jsn-JTAG-HS1-210512180081-23727093-0"}' command is executed.
12:20:51 INFO  : Device configured successfully with "E:/ZYNQ_7z020/axi_gpio/vitiss/xgpio_example_1/_ide/bitstream/bd_axi_gpio_wrapper.bit"
12:20:51 INFO  : Context for 'APU' is selected.
12:20:51 INFO  : Hardware design and registers information is loaded from 'E:/ZYNQ_7z020/axi_gpio/vitiss/bd_axi_gpio_wrapper/export/bd_axi_gpio_wrapper/hw/bd_axi_gpio_wrapper.xsa'.
12:20:51 INFO  : 'configparams force-mem-access 1' command is executed.
12:20:51 INFO  : Context for 'APU' is selected.
12:20:51 INFO  : Sourcing of 'E:/ZYNQ_7z020/axi_gpio/vitiss/xgpio_example_1/_ide/psinit/ps7_init.tcl' is done.
12:20:52 INFO  : 'ps7_init' command is executed.
12:20:52 INFO  : 'ps7_post_config' command is executed.
12:20:52 INFO  : Context for processor 'ps7_cortexa9_0' is selected.
12:20:52 INFO  : The application 'E:/ZYNQ_7z020/axi_gpio/vitiss/xgpio_example_1/Debug/xgpio_example_1.elf' is downloaded to processor 'ps7_cortexa9_0'.
12:20:52 INFO  : 'configparams force-mem-access 0' command is executed.
12:20:52 INFO  : ----------------XSDB Script----------------
connect -url tcp:127.0.0.1:3121
targets -set -nocase -filter {name =~"APU*"}
rst -system
after 3000
targets -set -filter {jtag_cable_name =~ "Digilent JTAG-HS1 210512180081" && level==0 && jtag_device_ctx=="jsn-JTAG-HS1-210512180081-23727093-0"}
fpga -file E:/ZYNQ_7z020/axi_gpio/vitiss/xgpio_example_1/_ide/bitstream/bd_axi_gpio_wrapper.bit
targets -set -nocase -filter {name =~"APU*"}
loadhw -hw E:/ZYNQ_7z020/axi_gpio/vitiss/bd_axi_gpio_wrapper/export/bd_axi_gpio_wrapper/hw/bd_axi_gpio_wrapper.xsa -mem-ranges [list {0x40000000 0xbfffffff}] -regs
configparams force-mem-access 1
targets -set -nocase -filter {name =~"APU*"}
source E:/ZYNQ_7z020/axi_gpio/vitiss/xgpio_example_1/_ide/psinit/ps7_init.tcl
ps7_init
ps7_post_config
targets -set -nocase -filter {name =~ "*A9*#0"}
dow E:/ZYNQ_7z020/axi_gpio/vitiss/xgpio_example_1/Debug/xgpio_example_1.elf
configparams force-mem-access 0
----------------End of Script----------------

12:20:52 INFO  : Context for processor 'ps7_cortexa9_0' is selected.
12:20:52 INFO  : 'con' command is executed.
12:20:52 INFO  : ----------------XSDB Script (After Launch)----------------
targets -set -nocase -filter {name =~ "*A9*#0"}
con
----------------End of Script----------------

12:20:52 INFO  : Launch script is exported to file 'E:\ZYNQ_7z020\axi_gpio\vitiss\xgpio_example_1_system\_ide\scripts\systemdebugger_xgpio_example_1_system_standalone.tcl'
13:08:52 INFO  : Disconnected from the channel tcfchan#34.
20:22:12 INFO  : Launching XSCT server: xsct.bat -n  -interactive E:\ZYNQ_7z020\axi_gpio\vitiss\temp_xsdb_launch_script.tcl
20:22:23 INFO  : XSCT server has started successfully.
20:22:23 INFO  : plnx-install-location is set to ''
20:22:23 INFO  : Successfully done setting XSCT server connection channel  
20:22:23 INFO  : Successfully done setting workspace for the tool. 
20:22:36 INFO  : Registering command handlers for Vitis TCF services
20:22:36 INFO  : Platform repository initialization has completed.
20:22:48 INFO  : Successfully done query RDI_DATADIR 
21:15:12 INFO  : Connected to target on host '127.0.0.1' and port '3121'.
21:15:14 INFO  : Jtag cable 'Digilent JTAG-HS1 210512180081' is selected.
21:15:14 INFO  : 'jtag frequency' command is executed.
21:15:14 INFO  : Context for 'APU' is selected.
21:15:14 INFO  : System reset is completed.
21:15:17 INFO  : 'after 3000' command is executed.
21:15:17 INFO  : 'targets -set -filter {jtag_cable_name =~ "Digilent JTAG-HS1 210512180081" && level==0 && jtag_device_ctx=="jsn-JTAG-HS1-210512180081-23727093-0"}' command is executed.
21:15:20 INFO  : Device configured successfully with "E:/ZYNQ_7z020/axi_gpio/vitiss/axi_gpio_proj/_ide/bitstream/bd_axi_gpio_wrapper.bit"
21:15:20 INFO  : Context for 'APU' is selected.
21:15:20 INFO  : Hardware design and registers information is loaded from 'E:/ZYNQ_7z020/axi_gpio/vitiss/bd_axi_gpio_wrapper/export/bd_axi_gpio_wrapper/hw/bd_axi_gpio_wrapper.xsa'.
21:15:20 INFO  : 'configparams force-mem-access 1' command is executed.
21:15:20 INFO  : Context for 'APU' is selected.
21:15:20 INFO  : Sourcing of 'E:/ZYNQ_7z020/axi_gpio/vitiss/axi_gpio_proj/_ide/psinit/ps7_init.tcl' is done.
21:15:21 INFO  : 'ps7_init' command is executed.
21:15:21 INFO  : 'ps7_post_config' command is executed.
21:15:21 INFO  : Context for processor 'ps7_cortexa9_0' is selected.
21:15:21 INFO  : The application 'E:/ZYNQ_7z020/axi_gpio/vitiss/axi_gpio_proj/Debug/axi_gpio_proj.elf' is downloaded to processor 'ps7_cortexa9_0'.
21:15:21 INFO  : 'configparams force-mem-access 0' command is executed.
21:15:21 INFO  : ----------------XSDB Script----------------
connect -url tcp:127.0.0.1:3121
targets -set -nocase -filter {name =~"APU*"}
rst -system
after 3000
targets -set -filter {jtag_cable_name =~ "Digilent JTAG-HS1 210512180081" && level==0 && jtag_device_ctx=="jsn-JTAG-HS1-210512180081-23727093-0"}
fpga -file E:/ZYNQ_7z020/axi_gpio/vitiss/axi_gpio_proj/_ide/bitstream/bd_axi_gpio_wrapper.bit
targets -set -nocase -filter {name =~"APU*"}
loadhw -hw E:/ZYNQ_7z020/axi_gpio/vitiss/bd_axi_gpio_wrapper/export/bd_axi_gpio_wrapper/hw/bd_axi_gpio_wrapper.xsa -mem-ranges [list {0x40000000 0xbfffffff}] -regs
configparams force-mem-access 1
targets -set -nocase -filter {name =~"APU*"}
source E:/ZYNQ_7z020/axi_gpio/vitiss/axi_gpio_proj/_ide/psinit/ps7_init.tcl
ps7_init
ps7_post_config
targets -set -nocase -filter {name =~ "*A9*#0"}
dow E:/ZYNQ_7z020/axi_gpio/vitiss/axi_gpio_proj/Debug/axi_gpio_proj.elf
configparams force-mem-access 0
----------------End of Script----------------

21:15:21 INFO  : Context for processor 'ps7_cortexa9_0' is selected.
21:15:21 INFO  : 'con' command is executed.
21:15:21 INFO  : ----------------XSDB Script (After Launch)----------------
targets -set -nocase -filter {name =~ "*A9*#0"}
con
----------------End of Script----------------

21:15:21 INFO  : Launch script is exported to file 'E:\ZYNQ_7z020\axi_gpio\vitiss\axi_gpio_proj_system\_ide\scripts\systemdebugger_axi_gpio_proj_system_standalone.tcl'
21:18:41 INFO  : Checking for BSP changes to sync application flags for project 'axi_gpio_proj'...
21:18:56 ERROR : (XSDB Server)ERROR: [Hsi 55-1571] The design file E:/ZYNQ_7z020/axi_gpio/vitiss/bd_axi_gpio_wrapper/export/bd_axi_gpio_wrapper/hw/bd_axi_gpio_wrapper.xsa is already opened

21:27:46 INFO  : Result from executing command 'getProjects': bd_axi_gpio_wrapper
21:27:46 INFO  : Result from executing command 'getPlatforms': bd_axi_gpio_wrapper|E:/ZYNQ_7z020/axi_gpio/vitiss/bd_axi_gpio_wrapper/export/bd_axi_gpio_wrapper/bd_axi_gpio_wrapper.xpfm
21:27:46 INFO  : Checking for BSP changes to sync application flags for project 'axi_gpio_proj'...
21:38:44 INFO  : Checking for BSP changes to sync application flags for project 'axi_gpio_app'...
21:39:39 INFO  : Disconnected from the channel tcfchan#1.
21:39:40 INFO  : Connected to target on host '127.0.0.1' and port '3121'.
21:39:40 INFO  : Jtag cable 'Digilent JTAG-HS1 210512180081' is selected.
21:39:40 INFO  : 'jtag frequency' command is executed.
21:39:40 INFO  : Context for 'APU' is selected.
21:39:40 INFO  : System reset is completed.
21:39:43 INFO  : 'after 3000' command is executed.
21:39:43 INFO  : 'targets -set -filter {jtag_cable_name =~ "Digilent JTAG-HS1 210512180081" && level==0 && jtag_device_ctx=="jsn-JTAG-HS1-210512180081-23727093-0"}' command is executed.
21:39:47 INFO  : Device configured successfully with "E:/ZYNQ_7z020/axi_gpio/vitiss/axi_gpio_app/_ide/bitstream/bd_axi_gpio_wrapper.bit"
21:39:47 INFO  : Context for 'APU' is selected.
21:39:49 INFO  : Hardware design and registers information is loaded from 'E:/ZYNQ_7z020/axi_gpio/vitiss/bd_axi_gpio_wrapper/export/bd_axi_gpio_wrapper/hw/bd_axi_gpio_wrapper.xsa'.
21:39:49 INFO  : 'configparams force-mem-access 1' command is executed.
21:39:49 INFO  : Context for 'APU' is selected.
21:39:49 INFO  : Sourcing of 'E:/ZYNQ_7z020/axi_gpio/vitiss/axi_gpio_app/_ide/psinit/ps7_init.tcl' is done.
21:39:49 INFO  : 'ps7_init' command is executed.
21:39:49 INFO  : 'ps7_post_config' command is executed.
21:39:49 INFO  : Context for processor 'ps7_cortexa9_0' is selected.
21:39:51 INFO  : The application 'E:/ZYNQ_7z020/axi_gpio/vitiss/axi_gpio_app/Debug/axi_gpio_app.elf' is downloaded to processor 'ps7_cortexa9_0'.
21:39:51 INFO  : 'configparams force-mem-access 0' command is executed.
21:39:51 INFO  : ----------------XSDB Script----------------
connect -url tcp:127.0.0.1:3121
targets -set -nocase -filter {name =~"APU*"}
rst -system
after 3000
targets -set -filter {jtag_cable_name =~ "Digilent JTAG-HS1 210512180081" && level==0 && jtag_device_ctx=="jsn-JTAG-HS1-210512180081-23727093-0"}
fpga -file E:/ZYNQ_7z020/axi_gpio/vitiss/axi_gpio_app/_ide/bitstream/bd_axi_gpio_wrapper.bit
targets -set -nocase -filter {name =~"APU*"}
loadhw -hw E:/ZYNQ_7z020/axi_gpio/vitiss/bd_axi_gpio_wrapper/export/bd_axi_gpio_wrapper/hw/bd_axi_gpio_wrapper.xsa -mem-ranges [list {0x40000000 0xbfffffff}] -regs
configparams force-mem-access 1
targets -set -nocase -filter {name =~"APU*"}
source E:/ZYNQ_7z020/axi_gpio/vitiss/axi_gpio_app/_ide/psinit/ps7_init.tcl
ps7_init
ps7_post_config
targets -set -nocase -filter {name =~ "*A9*#0"}
dow E:/ZYNQ_7z020/axi_gpio/vitiss/axi_gpio_app/Debug/axi_gpio_app.elf
configparams force-mem-access 0
----------------End of Script----------------

21:39:51 INFO  : Context for processor 'ps7_cortexa9_0' is selected.
21:39:51 INFO  : 'con' command is executed.
21:39:51 INFO  : ----------------XSDB Script (After Launch)----------------
targets -set -nocase -filter {name =~ "*A9*#0"}
con
----------------End of Script----------------

21:39:51 INFO  : Launch script is exported to file 'E:\ZYNQ_7z020\axi_gpio\vitiss\axi_gpio_app_system\_ide\scripts\systemdebugger_axi_gpio_app_system_standalone.tcl'
21:40:05 INFO  : Disconnected from the channel tcfchan#6.
21:40:05 INFO  : Connected to target on host '127.0.0.1' and port '3121'.
21:40:05 INFO  : Jtag cable 'Digilent JTAG-HS1 210512180081' is selected.
21:40:05 INFO  : 'jtag frequency' command is executed.
21:40:05 INFO  : Context for 'APU' is selected.
21:40:05 INFO  : System reset is completed.
21:40:08 INFO  : 'after 3000' command is executed.
21:40:09 INFO  : 'targets -set -filter {jtag_cable_name =~ "Digilent JTAG-HS1 210512180081" && level==0 && jtag_device_ctx=="jsn-JTAG-HS1-210512180081-23727093-0"}' command is executed.
21:40:12 INFO  : Device configured successfully with "E:/ZYNQ_7z020/axi_gpio/vitiss/axi_gpio_app/_ide/bitstream/bd_axi_gpio_wrapper.bit"
21:40:12 INFO  : Context for 'APU' is selected.
21:40:12 INFO  : Hardware design and registers information is loaded from 'E:/ZYNQ_7z020/axi_gpio/vitiss/bd_axi_gpio_wrapper/export/bd_axi_gpio_wrapper/hw/bd_axi_gpio_wrapper.xsa'.
21:40:12 INFO  : 'configparams force-mem-access 1' command is executed.
21:40:12 INFO  : Context for 'APU' is selected.
21:40:12 INFO  : Sourcing of 'E:/ZYNQ_7z020/axi_gpio/vitiss/axi_gpio_app/_ide/psinit/ps7_init.tcl' is done.
21:40:12 INFO  : 'ps7_init' command is executed.
21:40:12 INFO  : 'ps7_post_config' command is executed.
21:40:12 INFO  : Context for processor 'ps7_cortexa9_0' is selected.
21:40:14 INFO  : The application 'E:/ZYNQ_7z020/axi_gpio/vitiss/axi_gpio_app/Debug/axi_gpio_app.elf' is downloaded to processor 'ps7_cortexa9_0'.
21:40:14 INFO  : 'configparams force-mem-access 0' command is executed.
21:40:14 INFO  : ----------------XSDB Script----------------
connect -url tcp:127.0.0.1:3121
targets -set -nocase -filter {name =~"APU*"}
rst -system
after 3000
targets -set -filter {jtag_cable_name =~ "Digilent JTAG-HS1 210512180081" && level==0 && jtag_device_ctx=="jsn-JTAG-HS1-210512180081-23727093-0"}
fpga -file E:/ZYNQ_7z020/axi_gpio/vitiss/axi_gpio_app/_ide/bitstream/bd_axi_gpio_wrapper.bit
targets -set -nocase -filter {name =~"APU*"}
loadhw -hw E:/ZYNQ_7z020/axi_gpio/vitiss/bd_axi_gpio_wrapper/export/bd_axi_gpio_wrapper/hw/bd_axi_gpio_wrapper.xsa -mem-ranges [list {0x40000000 0xbfffffff}] -regs
configparams force-mem-access 1
targets -set -nocase -filter {name =~"APU*"}
source E:/ZYNQ_7z020/axi_gpio/vitiss/axi_gpio_app/_ide/psinit/ps7_init.tcl
ps7_init
ps7_post_config
targets -set -nocase -filter {name =~ "*A9*#0"}
dow E:/ZYNQ_7z020/axi_gpio/vitiss/axi_gpio_app/Debug/axi_gpio_app.elf
configparams force-mem-access 0
----------------End of Script----------------

21:40:14 INFO  : Context for processor 'ps7_cortexa9_0' is selected.
21:40:14 INFO  : 'con' command is executed.
21:40:14 INFO  : ----------------XSDB Script (After Launch)----------------
targets -set -nocase -filter {name =~ "*A9*#0"}
con
----------------End of Script----------------

21:40:14 INFO  : Launch script is exported to file 'E:\ZYNQ_7z020\axi_gpio\vitiss\axi_gpio_app_system\_ide\scripts\systemdebugger_axi_gpio_app_system_standalone.tcl'
22:46:03 INFO  : Checking for BSP changes to sync application flags for project 'axi_gpio_app'...
22:47:25 INFO  : Disconnected from the channel tcfchan#7.
22:47:25 INFO  : Connected to target on host '127.0.0.1' and port '3121'.
22:47:26 INFO  : Jtag cable 'Digilent JTAG-HS1 210512180081' is selected.
22:47:26 INFO  : 'jtag frequency' command is executed.
22:47:26 INFO  : Context for 'APU' is selected.
22:47:26 INFO  : System reset is completed.
22:47:29 INFO  : 'after 3000' command is executed.
22:47:29 INFO  : 'targets -set -filter {jtag_cable_name =~ "Digilent JTAG-HS1 210512180081" && level==0 && jtag_device_ctx=="jsn-JTAG-HS1-210512180081-23727093-0"}' command is executed.
22:47:32 INFO  : Device configured successfully with "E:/ZYNQ_7z020/axi_gpio/vitiss/axi_gpio_app/_ide/bitstream/bd_axi_gpio_wrapper.bit"
22:47:32 INFO  : Context for 'APU' is selected.
22:47:32 INFO  : Hardware design and registers information is loaded from 'E:/ZYNQ_7z020/axi_gpio/vitiss/bd_axi_gpio_wrapper/export/bd_axi_gpio_wrapper/hw/bd_axi_gpio_wrapper.xsa'.
22:47:32 INFO  : 'configparams force-mem-access 1' command is executed.
22:47:32 INFO  : Context for 'APU' is selected.
22:47:32 INFO  : Sourcing of 'E:/ZYNQ_7z020/axi_gpio/vitiss/axi_gpio_app/_ide/psinit/ps7_init.tcl' is done.
22:47:33 INFO  : 'ps7_init' command is executed.
22:47:33 INFO  : 'ps7_post_config' command is executed.
22:47:33 INFO  : Context for processor 'ps7_cortexa9_0' is selected.
22:47:34 INFO  : The application 'E:/ZYNQ_7z020/axi_gpio/vitiss/axi_gpio_app/Debug/axi_gpio_app.elf' is downloaded to processor 'ps7_cortexa9_0'.
22:47:34 INFO  : 'configparams force-mem-access 0' command is executed.
22:47:34 INFO  : ----------------XSDB Script----------------
connect -url tcp:127.0.0.1:3121
targets -set -nocase -filter {name =~"APU*"}
rst -system
after 3000
targets -set -filter {jtag_cable_name =~ "Digilent JTAG-HS1 210512180081" && level==0 && jtag_device_ctx=="jsn-JTAG-HS1-210512180081-23727093-0"}
fpga -file E:/ZYNQ_7z020/axi_gpio/vitiss/axi_gpio_app/_ide/bitstream/bd_axi_gpio_wrapper.bit
targets -set -nocase -filter {name =~"APU*"}
loadhw -hw E:/ZYNQ_7z020/axi_gpio/vitiss/bd_axi_gpio_wrapper/export/bd_axi_gpio_wrapper/hw/bd_axi_gpio_wrapper.xsa -mem-ranges [list {0x40000000 0xbfffffff}] -regs
configparams force-mem-access 1
targets -set -nocase -filter {name =~"APU*"}
source E:/ZYNQ_7z020/axi_gpio/vitiss/axi_gpio_app/_ide/psinit/ps7_init.tcl
ps7_init
ps7_post_config
targets -set -nocase -filter {name =~ "*A9*#0"}
dow E:/ZYNQ_7z020/axi_gpio/vitiss/axi_gpio_app/Debug/axi_gpio_app.elf
configparams force-mem-access 0
----------------End of Script----------------

22:47:34 INFO  : Context for processor 'ps7_cortexa9_0' is selected.
22:47:34 INFO  : 'con' command is executed.
22:47:34 INFO  : ----------------XSDB Script (After Launch)----------------
targets -set -nocase -filter {name =~ "*A9*#0"}
con
----------------End of Script----------------

22:47:34 INFO  : Launch script is exported to file 'E:\ZYNQ_7z020\axi_gpio\vitiss\axi_gpio_app_system\_ide\scripts\systemdebugger_axi_gpio_app_system_standalone.tcl'
22:53:08 INFO  : Result from executing command 'getProjects': bd_axi_gpio_wrapper
22:53:08 INFO  : Result from executing command 'getPlatforms': bd_axi_gpio_wrapper|E:/ZYNQ_7z020/axi_gpio/vitiss/bd_axi_gpio_wrapper/export/bd_axi_gpio_wrapper/bd_axi_gpio_wrapper.xpfm
22:53:09 INFO  : Checking for BSP changes to sync application flags for project 'axi_gpio_app'...
22:59:30 INFO  : Checking for BSP changes to sync application flags for project 'axi_gpio_test'...
23:00:05 INFO  : Disconnected from the channel tcfchan#9.
23:00:06 INFO  : Connected to target on host '127.0.0.1' and port '3121'.
23:00:06 INFO  : Jtag cable 'Digilent JTAG-HS1 210512180081' is selected.
23:00:06 INFO  : 'jtag frequency' command is executed.
23:00:07 INFO  : Context for 'APU' is selected.
23:00:07 INFO  : System reset is completed.
23:00:10 INFO  : 'after 3000' command is executed.
23:00:10 INFO  : 'targets -set -filter {jtag_cable_name =~ "Digilent JTAG-HS1 210512180081" && level==0 && jtag_device_ctx=="jsn-JTAG-HS1-210512180081-23727093-0"}' command is executed.
23:00:13 INFO  : Device configured successfully with "E:/ZYNQ_7z020/axi_gpio/vitiss/axi_gpio_test/_ide/bitstream/bd_axi_gpio_wrapper.bit"
23:00:13 INFO  : Context for 'APU' is selected.
23:00:13 INFO  : Hardware design and registers information is loaded from 'E:/ZYNQ_7z020/axi_gpio/vitiss/bd_axi_gpio_wrapper/export/bd_axi_gpio_wrapper/hw/bd_axi_gpio_wrapper.xsa'.
23:00:13 INFO  : 'configparams force-mem-access 1' command is executed.
23:00:13 INFO  : Context for 'APU' is selected.
23:00:13 INFO  : Sourcing of 'E:/ZYNQ_7z020/axi_gpio/vitiss/axi_gpio_test/_ide/psinit/ps7_init.tcl' is done.
23:00:14 INFO  : 'ps7_init' command is executed.
23:00:14 INFO  : 'ps7_post_config' command is executed.
23:00:14 INFO  : Context for processor 'ps7_cortexa9_0' is selected.
23:00:15 INFO  : The application 'E:/ZYNQ_7z020/axi_gpio/vitiss/axi_gpio_test/Debug/axi_gpio_test.elf' is downloaded to processor 'ps7_cortexa9_0'.
23:00:15 INFO  : 'configparams force-mem-access 0' command is executed.
23:00:15 INFO  : ----------------XSDB Script----------------
connect -url tcp:127.0.0.1:3121
targets -set -nocase -filter {name =~"APU*"}
rst -system
after 3000
targets -set -filter {jtag_cable_name =~ "Digilent JTAG-HS1 210512180081" && level==0 && jtag_device_ctx=="jsn-JTAG-HS1-210512180081-23727093-0"}
fpga -file E:/ZYNQ_7z020/axi_gpio/vitiss/axi_gpio_test/_ide/bitstream/bd_axi_gpio_wrapper.bit
targets -set -nocase -filter {name =~"APU*"}
loadhw -hw E:/ZYNQ_7z020/axi_gpio/vitiss/bd_axi_gpio_wrapper/export/bd_axi_gpio_wrapper/hw/bd_axi_gpio_wrapper.xsa -mem-ranges [list {0x40000000 0xbfffffff}] -regs
configparams force-mem-access 1
targets -set -nocase -filter {name =~"APU*"}
source E:/ZYNQ_7z020/axi_gpio/vitiss/axi_gpio_test/_ide/psinit/ps7_init.tcl
ps7_init
ps7_post_config
targets -set -nocase -filter {name =~ "*A9*#0"}
dow E:/ZYNQ_7z020/axi_gpio/vitiss/axi_gpio_test/Debug/axi_gpio_test.elf
configparams force-mem-access 0
----------------End of Script----------------

23:00:15 INFO  : Context for processor 'ps7_cortexa9_0' is selected.
23:00:15 INFO  : 'con' command is executed.
23:00:15 INFO  : ----------------XSDB Script (After Launch)----------------
targets -set -nocase -filter {name =~ "*A9*#0"}
con
----------------End of Script----------------

23:00:15 INFO  : Launch script is exported to file 'E:\ZYNQ_7z020\axi_gpio\vitiss\axi_gpio_test_system\_ide\scripts\systemdebugger_axi_gpio_test_system_standalone.tcl'
23:01:28 INFO  : Checking for BSP changes to sync application flags for project 'axi_gpio_test'...
23:01:54 INFO  : Disconnected from the channel tcfchan#14.
23:01:54 INFO  : Connected to target on host '127.0.0.1' and port '3121'.
23:01:55 INFO  : Jtag cable 'Digilent JTAG-HS1 210512180081' is selected.
23:01:55 INFO  : 'jtag frequency' command is executed.
23:01:55 INFO  : Context for 'APU' is selected.
23:01:55 INFO  : System reset is completed.
23:01:58 INFO  : 'after 3000' command is executed.
23:01:58 INFO  : 'targets -set -filter {jtag_cable_name =~ "Digilent JTAG-HS1 210512180081" && level==0 && jtag_device_ctx=="jsn-JTAG-HS1-210512180081-23727093-0"}' command is executed.
23:02:01 INFO  : Device configured successfully with "E:/ZYNQ_7z020/axi_gpio/vitiss/axi_gpio_test/_ide/bitstream/bd_axi_gpio_wrapper.bit"
23:02:01 INFO  : Context for 'APU' is selected.
23:02:01 INFO  : Hardware design and registers information is loaded from 'E:/ZYNQ_7z020/axi_gpio/vitiss/bd_axi_gpio_wrapper/export/bd_axi_gpio_wrapper/hw/bd_axi_gpio_wrapper.xsa'.
23:02:01 INFO  : 'configparams force-mem-access 1' command is executed.
23:02:01 INFO  : Context for 'APU' is selected.
23:02:01 INFO  : Sourcing of 'E:/ZYNQ_7z020/axi_gpio/vitiss/axi_gpio_test/_ide/psinit/ps7_init.tcl' is done.
23:02:02 INFO  : 'ps7_init' command is executed.
23:02:02 INFO  : 'ps7_post_config' command is executed.
23:02:02 INFO  : Context for processor 'ps7_cortexa9_0' is selected.
23:02:03 INFO  : The application 'E:/ZYNQ_7z020/axi_gpio/vitiss/axi_gpio_test/Debug/axi_gpio_test.elf' is downloaded to processor 'ps7_cortexa9_0'.
23:02:03 INFO  : 'configparams force-mem-access 0' command is executed.
23:02:03 INFO  : ----------------XSDB Script----------------
connect -url tcp:127.0.0.1:3121
targets -set -nocase -filter {name =~"APU*"}
rst -system
after 3000
targets -set -filter {jtag_cable_name =~ "Digilent JTAG-HS1 210512180081" && level==0 && jtag_device_ctx=="jsn-JTAG-HS1-210512180081-23727093-0"}
fpga -file E:/ZYNQ_7z020/axi_gpio/vitiss/axi_gpio_test/_ide/bitstream/bd_axi_gpio_wrapper.bit
targets -set -nocase -filter {name =~"APU*"}
loadhw -hw E:/ZYNQ_7z020/axi_gpio/vitiss/bd_axi_gpio_wrapper/export/bd_axi_gpio_wrapper/hw/bd_axi_gpio_wrapper.xsa -mem-ranges [list {0x40000000 0xbfffffff}] -regs
configparams force-mem-access 1
targets -set -nocase -filter {name =~"APU*"}
source E:/ZYNQ_7z020/axi_gpio/vitiss/axi_gpio_test/_ide/psinit/ps7_init.tcl
ps7_init
ps7_post_config
targets -set -nocase -filter {name =~ "*A9*#0"}
dow E:/ZYNQ_7z020/axi_gpio/vitiss/axi_gpio_test/Debug/axi_gpio_test.elf
configparams force-mem-access 0
----------------End of Script----------------

23:02:03 INFO  : Context for processor 'ps7_cortexa9_0' is selected.
23:02:03 INFO  : 'con' command is executed.
23:02:03 INFO  : ----------------XSDB Script (After Launch)----------------
targets -set -nocase -filter {name =~ "*A9*#0"}
con
----------------End of Script----------------

23:02:03 INFO  : Launch script is exported to file 'E:\ZYNQ_7z020\axi_gpio\vitiss\axi_gpio_test_system\_ide\scripts\systemdebugger_axi_gpio_test_system_standalone.tcl'
23:06:30 INFO  : Checking for BSP changes to sync application flags for project 'axi_gpio_test'...
23:06:59 INFO  : Disconnected from the channel tcfchan#16.
23:06:59 INFO  : Connected to target on host '127.0.0.1' and port '3121'.
23:06:59 INFO  : Jtag cable 'Digilent JTAG-HS1 210512180081' is selected.
23:06:59 INFO  : 'jtag frequency' command is executed.
23:06:59 INFO  : Context for 'APU' is selected.
23:06:59 INFO  : System reset is completed.
23:07:02 INFO  : 'after 3000' command is executed.
23:07:02 INFO  : 'targets -set -filter {jtag_cable_name =~ "Digilent JTAG-HS1 210512180081" && level==0 && jtag_device_ctx=="jsn-JTAG-HS1-210512180081-23727093-0"}' command is executed.
23:07:06 INFO  : Device configured successfully with "E:/ZYNQ_7z020/axi_gpio/vitiss/axi_gpio_test/_ide/bitstream/bd_axi_gpio_wrapper.bit"
23:07:06 INFO  : Context for 'APU' is selected.
23:07:06 INFO  : Hardware design and registers information is loaded from 'E:/ZYNQ_7z020/axi_gpio/vitiss/bd_axi_gpio_wrapper/export/bd_axi_gpio_wrapper/hw/bd_axi_gpio_wrapper.xsa'.
23:07:06 INFO  : 'configparams force-mem-access 1' command is executed.
23:07:06 INFO  : Context for 'APU' is selected.
23:07:06 INFO  : Sourcing of 'E:/ZYNQ_7z020/axi_gpio/vitiss/axi_gpio_test/_ide/psinit/ps7_init.tcl' is done.
23:07:06 INFO  : 'ps7_init' command is executed.
23:07:06 INFO  : 'ps7_post_config' command is executed.
23:07:06 INFO  : Context for processor 'ps7_cortexa9_0' is selected.
23:07:08 INFO  : The application 'E:/ZYNQ_7z020/axi_gpio/vitiss/axi_gpio_test/Debug/axi_gpio_test.elf' is downloaded to processor 'ps7_cortexa9_0'.
23:07:08 INFO  : 'configparams force-mem-access 0' command is executed.
23:07:08 INFO  : ----------------XSDB Script----------------
connect -url tcp:127.0.0.1:3121
targets -set -nocase -filter {name =~"APU*"}
rst -system
after 3000
targets -set -filter {jtag_cable_name =~ "Digilent JTAG-HS1 210512180081" && level==0 && jtag_device_ctx=="jsn-JTAG-HS1-210512180081-23727093-0"}
fpga -file E:/ZYNQ_7z020/axi_gpio/vitiss/axi_gpio_test/_ide/bitstream/bd_axi_gpio_wrapper.bit
targets -set -nocase -filter {name =~"APU*"}
loadhw -hw E:/ZYNQ_7z020/axi_gpio/vitiss/bd_axi_gpio_wrapper/export/bd_axi_gpio_wrapper/hw/bd_axi_gpio_wrapper.xsa -mem-ranges [list {0x40000000 0xbfffffff}] -regs
configparams force-mem-access 1
targets -set -nocase -filter {name =~"APU*"}
source E:/ZYNQ_7z020/axi_gpio/vitiss/axi_gpio_test/_ide/psinit/ps7_init.tcl
ps7_init
ps7_post_config
targets -set -nocase -filter {name =~ "*A9*#0"}
dow E:/ZYNQ_7z020/axi_gpio/vitiss/axi_gpio_test/Debug/axi_gpio_test.elf
configparams force-mem-access 0
----------------End of Script----------------

23:07:08 INFO  : Context for processor 'ps7_cortexa9_0' is selected.
23:07:08 INFO  : 'con' command is executed.
23:07:08 INFO  : ----------------XSDB Script (After Launch)----------------
targets -set -nocase -filter {name =~ "*A9*#0"}
con
----------------End of Script----------------

23:07:08 INFO  : Launch script is exported to file 'E:\ZYNQ_7z020\axi_gpio\vitiss\axi_gpio_test_system\_ide\scripts\systemdebugger_axi_gpio_test_system_standalone.tcl'
23:07:47 INFO  : Checking for BSP changes to sync application flags for project 'axi_gpio_test'...
23:14:07 INFO  : Disconnected from the channel tcfchan#18.
23:14:07 INFO  : Connected to target on host '127.0.0.1' and port '3121'.
23:14:07 INFO  : Jtag cable 'Digilent JTAG-HS1 210512180081' is selected.
23:14:07 INFO  : 'jtag frequency' command is executed.
23:14:07 INFO  : Context for 'APU' is selected.
23:14:07 INFO  : System reset is completed.
23:14:10 INFO  : 'after 3000' command is executed.
23:14:10 INFO  : 'targets -set -filter {jtag_cable_name =~ "Digilent JTAG-HS1 210512180081" && level==0 && jtag_device_ctx=="jsn-JTAG-HS1-210512180081-23727093-0"}' command is executed.
23:14:14 INFO  : Device configured successfully with "E:/ZYNQ_7z020/axi_gpio/vitiss/axi_gpio_test/_ide/bitstream/bd_axi_gpio_wrapper.bit"
23:14:14 INFO  : Context for 'APU' is selected.
23:14:14 INFO  : Hardware design and registers information is loaded from 'E:/ZYNQ_7z020/axi_gpio/vitiss/bd_axi_gpio_wrapper/export/bd_axi_gpio_wrapper/hw/bd_axi_gpio_wrapper.xsa'.
23:14:14 INFO  : 'configparams force-mem-access 1' command is executed.
23:14:14 INFO  : Context for 'APU' is selected.
23:14:14 INFO  : Sourcing of 'E:/ZYNQ_7z020/axi_gpio/vitiss/axi_gpio_test/_ide/psinit/ps7_init.tcl' is done.
23:14:14 INFO  : 'ps7_init' command is executed.
23:14:14 INFO  : 'ps7_post_config' command is executed.
23:14:14 INFO  : Context for processor 'ps7_cortexa9_0' is selected.
23:14:16 INFO  : The application 'E:/ZYNQ_7z020/axi_gpio/vitiss/axi_gpio_test/Debug/axi_gpio_test.elf' is downloaded to processor 'ps7_cortexa9_0'.
23:14:16 INFO  : 'configparams force-mem-access 0' command is executed.
23:14:16 INFO  : ----------------XSDB Script----------------
connect -url tcp:127.0.0.1:3121
targets -set -nocase -filter {name =~"APU*"}
rst -system
after 3000
targets -set -filter {jtag_cable_name =~ "Digilent JTAG-HS1 210512180081" && level==0 && jtag_device_ctx=="jsn-JTAG-HS1-210512180081-23727093-0"}
fpga -file E:/ZYNQ_7z020/axi_gpio/vitiss/axi_gpio_test/_ide/bitstream/bd_axi_gpio_wrapper.bit
targets -set -nocase -filter {name =~"APU*"}
loadhw -hw E:/ZYNQ_7z020/axi_gpio/vitiss/bd_axi_gpio_wrapper/export/bd_axi_gpio_wrapper/hw/bd_axi_gpio_wrapper.xsa -mem-ranges [list {0x40000000 0xbfffffff}] -regs
configparams force-mem-access 1
targets -set -nocase -filter {name =~"APU*"}
source E:/ZYNQ_7z020/axi_gpio/vitiss/axi_gpio_test/_ide/psinit/ps7_init.tcl
ps7_init
ps7_post_config
targets -set -nocase -filter {name =~ "*A9*#0"}
dow E:/ZYNQ_7z020/axi_gpio/vitiss/axi_gpio_test/Debug/axi_gpio_test.elf
configparams force-mem-access 0
----------------End of Script----------------

23:14:16 INFO  : Context for processor 'ps7_cortexa9_0' is selected.
23:14:16 INFO  : 'con' command is executed.
23:14:16 INFO  : ----------------XSDB Script (After Launch)----------------
targets -set -nocase -filter {name =~ "*A9*#0"}
con
----------------End of Script----------------

23:14:16 INFO  : Launch script is exported to file 'E:\ZYNQ_7z020\axi_gpio\vitiss\axi_gpio_test_system\_ide\scripts\systemdebugger_axi_gpio_test_system_standalone.tcl'
23:15:28 INFO  : Disconnected from the channel tcfchan#20.
