21:27:46 **** Build of configuration Debug for project axi_gpio_proj ****
make all 
make --no-print-directory pre-build
a9-linaro-pre-build-step
' '
make --no-print-directory main-build
'Building file: ../src/platform.c'
'Invoking: ARM v7 gcc compiler'
arm-none-eabi-gcc -Wall -O0 -g3 -c -fmessage-length=0 -MT"src/platform.o" -mcpu=cortex-a9 -mfpu=vfpv3 -mfloat-abi=hard -IE:/ZYNQ_7z020/axi_gpio/vitiss/bd_axi_gpio_wrapper/export/bd_axi_gpio_wrapper/sw/bd_axi_gpio_wrapper/standalone_ps7_cortexa9_0/bspinclude/include -MMD -MP -MF"src/platform.d" -MT"src/platform.o" -o "src/platform.o" "../src/platform.c"
'Finished building: ../src/platform.c'
' '
'Building target: axi_gpio_proj.elf'
'Invoking: ARM v7 gcc linker'
arm-none-eabi-gcc -mcpu=cortex-a9 -mfpu=vfpv3 -mfloat-abi=hard -Wl,-build-id=none -specs=Xilinx.spec -Wl,-T -Wl,../src/lscript.ld -LE:/ZYNQ_7z020/axi_gpio/vitiss/bd_axi_gpio_wrapper/export/bd_axi_gpio_wrapper/sw/bd_axi_gpio_wrapper/standalone_ps7_cortexa9_0/bsplib/lib -o "axi_gpio_proj.elf"  ./src/platform.o   -Wl,--start-group,-lxil,-lgcc,-lc,--end-group
d:/xilinx/vitis/2020.2/gnu/aarch32/nt/gcc-arm-none-eabi/x86_64-oesdk-mingw32/usr/bin/arm-xilinx-eabi/../../libexec/arm-xilinx-eabi/gcc/arm-xilinx-eabi/9.2.0/real-ld.exe: E:/ZYNQ_7z020/axi_gpio/vitiss/bd_axi_gpio_wrapper/export/bd_axi_gpio_wrapper/sw/bd_axi_gpio_wrapper/standalone_ps7_cortexa9_0/bsplib/lib\libxil.a(xil-crt0.o): in function `_start':
E:\ZYNQ_7z020\axi_gpio\vitiss\bd_axi_gpio_wrapper\ps7_cortexa9_0\standalone_ps7_cortexa9_0\bsp\ps7_cortexa9_0\libsrc\standalone_v7_3\src/xil-crt0.S:115: undefined reference to `main'
collect2.exe: error: ld returned 1 exit status
make[1]: *** [makefile:43: axi_gpio_proj.elf] Error 1
make: *** [makefile:34: all] Error 2

21:27:53 Build Finished (took 6s.778ms)

